#-----------------------------------------------------------
# Vivado v2024.1 (64-bit)
# SW Build 5076996 on Wed May 22 18:36:09 MDT 2024
# IP Build 5075265 on Wed May 22 21:45:21 MDT 2024
# SharedData Build 5076995 on Wed May 22 18:29:18 MDT 2024
# Start of session at: Thu Aug 21 15:36:46 2025
# Process ID: 152791
# Current directory: /home/intern-2501/internship
# Command line: vivado
# Log file: /home/intern-2501/internship/vivado.log
# Journal file: /home/intern-2501/internship/vivado.jou
# Running On        :broccoli
# Platform          :RedHatEnterprise
# Operating System  :Red Hat Enterprise Linux release 8.10 (Ootpa)
# Processor Detail  :Intel(R) Xeon(R) Gold 6242R CPU @ 3.10GHz
# CPU Frequency     :3812.035 MHz
# CPU Physical cores:40
# CPU Logical cores :80
# Host memory       :539818 MB
# Swap memory       :4294 MB
# Total Virtual     :544113 MB
# Available Virtual :503922 MB
#-----------------------------------------------------------
start_gui
WARNING: [Board 49-26] cannot add Board Part xilinx.com:vek280_es:part0:1.0 available at /TOOLS/Xilinx/Vivado/2024.1/data/xhub/boards/XilinxBoardStore/boards/Xilinx/vek280/es/rev_a/1.0/board.xml as part xcve2802-vsvh1760-2lp-e-s-es1 specified in board_part file is either invalid or not available
WARNING: [Board 49-26] cannot add Board Part xilinx.com:vek280_es:part0:1.1 available at /TOOLS/Xilinx/Vivado/2024.1/data/xhub/boards/XilinxBoardStore/boards/Xilinx/vek280/es/rev_a/1.1/board.xml as part xcve2802-vsvh1760-2lp-e-s-es1 specified in board_part file is either invalid or not available
WARNING: [Board 49-26] cannot add Board Part xilinx.com:vek280_es_revb:part0:1.0 available at /TOOLS/Xilinx/Vivado/2024.1/data/xhub/boards/XilinxBoardStore/boards/Xilinx/vek280/es/rev_b/1.0/board.xml as part xcve2802-vsvh1760-2mp-e-s-es1 specified in board_part file is either invalid or not available
WARNING: [Board 49-26] cannot add Board Part xilinx.com:vek280_es_revb:part0:1.1 available at /TOOLS/Xilinx/Vivado/2024.1/data/xhub/boards/XilinxBoardStore/boards/Xilinx/vek280/es/rev_b/1.1/board.xml as part xcve2802-vsvh1760-2mp-e-s-es1 specified in board_part file is either invalid or not available
WARNING: [Board 49-26] cannot add Board Part xilinx.com:vhk158_es:part0:1.0 available at /TOOLS/Xilinx/Vivado/2024.1/data/xhub/boards/XilinxBoardStore/boards/Xilinx/vhk158/es/1.0/board.xml as part xcvh1582-vsva3697-2mp-e-s-es1 specified in board_part file is either invalid or not available
WARNING: [Board 49-26] cannot add Board Part xilinx.com:vhk158_es:part0:1.1 available at /TOOLS/Xilinx/Vivado/2024.1/data/xhub/boards/XilinxBoardStore/boards/Xilinx/vhk158/es/1.1/board.xml as part xcvh1582-vsva3697-2mp-e-s-es1 specified in board_part file is either invalid or not available
WARNING: [Board 49-26] cannot add Board Part xilinx.com:zcu208ld:part0:2.0 available at /TOOLS/Xilinx/Vivado/2024.1/data/xhub/boards/XilinxBoardStore/boards/Xilinx/zcu208ld/production/2.0/board.xml as part xczu58dr-fsvg1517-2-i specified in board_part file is either invalid or not available
WARNING: [Board 49-26] cannot add Board Part xilinx.com:zcu216ld:part0:2.0 available at /TOOLS/Xilinx/Vivado/2024.1/data/xhub/boards/XilinxBoardStore/boards/Xilinx/zcu216ld/production/2.0/board.xml as part xczu59dr-ffvf1760-2-i specified in board_part file is either invalid or not available
WARNING: [Board 49-26] cannot add Board Part xilinx.com:zcu670ld:part0:1.0 available at /TOOLS/Xilinx/Vivado/2024.1/data/xhub/boards/XilinxBoardStore/boards/Xilinx/zcu670ld/1.0/board.xml as part xczu57dr-fsve1156-2-i specified in board_part file is either invalid or not available
open_project /home/intern-2501/Mamba_SSM_Block_ver6/Mamba_SSM_Block_ver6.xpr
Scanning sources...
Finished scanning sources
INFO: [IP_Flow 19-234] Refreshing IP repositories
INFO: [IP_Flow 19-1704] No user IP repositories specified
INFO: [IP_Flow 19-2313] Loaded Vivado IP repository '/TOOLS/Xilinx/Vivado/2024.1/data/ip'.
update_compile_order -fileset sources_1
launch_simulation
Command: launch_simulation 
INFO: [Vivado 12-12493] Simulation top is 'tb_ssmblock_fullscan'
INFO: [Vivado 12-5698] Checking validity of IPs in the design for the 'XSim' simulator...
INFO: [Vivado 12-5682] Launching behavioral simulation in '/home/intern-2501/Mamba_SSM_Block_ver6/Mamba_SSM_Block_ver6.sim/sim_1/behav/xsim'
INFO: [Vivado 12-4795] Using compiled simulation libraries for IPs
INFO: [SIM-utils-51] Simulation object is 'sim_1'
INFO: [SIM-utils-72] Using boost library from '/TOOLS/Xilinx/Vivado/2024.1/tps/boost_1_72_0'
INFO: [USF-XSim-7] Finding pre-compiled libraries...
INFO: [USF-XSim-11] File '/TOOLS/Xilinx/Vivado/2024.1/data/xsim/xsim.ini' copied to run dir:'/home/intern-2501/Mamba_SSM_Block_ver6/Mamba_SSM_Block_ver6.sim/sim_1/behav/xsim'
INFO: [SIM-utils-54] Inspecting design source files for 'tb_ssmblock_fullscan' in fileset 'sim_1'...
INFO: [USF-XSim-97] Finding global include files...
INFO: [USF-XSim-98] Fetching design files from 'sim_1'...
INFO: [USF-XSim-2] XSim::Compile design
INFO: [USF-XSim-61] Executing 'COMPILE and ANALYZE' step in '/home/intern-2501/Mamba_SSM_Block_ver6/Mamba_SSM_Block_ver6.sim/sim_1/behav/xsim'
xvlog --incr --relax -prj tb_ssmblock_fullscan_vlog.prj
INFO: [VRFC 10-2263] Analyzing Verilog file "/home/intern-2501/Mamba_SSM_Block_ver6/Mamba_SSM_Block_ver6.gen/sources_1/ip/floating_point_0_1/sim/floating_point_0.v" into library xil_defaultlib
INFO: [VRFC 10-311] analyzing module floating_point_0
INFO: [VRFC 10-2263] Analyzing Verilog file "/home/intern-2501/Mamba_SSM_Block_ver6/Mamba_SSM_Block_ver6.gen/sources_1/ip/floating_point_1_1/sim/floating_point_1.v" into library xil_defaultlib
INFO: [VRFC 10-311] analyzing module floating_point_1
INFO: [VRFC 10-2263] Analyzing Verilog file "/home/intern-2501/internship/Mamba/Mamba-2/mamba2-minimal/verilog/ver6/accumulator.v" into library xil_defaultlib
INFO: [VRFC 10-311] analyzing module fp16_adder_tree_128
INFO: [VRFC 10-2263] Analyzing Verilog file "/home/intern-2501/internship/Mamba/Mamba-2/mamba2-minimal/verilog/ver6/dAh.v" into library xil_defaultlib
INFO: [VRFC 10-311] analyzing module dAh
INFO: [VRFC 10-2263] Analyzing Verilog file "/home/intern-2501/internship/Mamba/Mamba-2/mamba2-minimal/verilog/ver6/dBx.v" into library xil_defaultlib
INFO: [VRFC 10-311] analyzing module dBx
INFO: [VRFC 10-2263] Analyzing Verilog file "/home/intern-2501/internship/Mamba/Mamba-2/mamba2-minimal/verilog/ver6/dx.v" into library xil_defaultlib
INFO: [VRFC 10-311] analyzing module dx
INFO: [VRFC 10-2263] Analyzing Verilog file "/home/intern-2501/internship/Mamba/Mamba-2/mamba2-minimal/verilog/ver6/fp16_add_wrapper.v" into library xil_defaultlib
INFO: [VRFC 10-311] analyzing module fp16_add_wrapper
INFO: [VRFC 10-2263] Analyzing Verilog file "/home/intern-2501/internship/Mamba/Mamba-2/mamba2-minimal/verilog/ver6/fp16_mult_wrapper.v" into library xil_defaultlib
INFO: [VRFC 10-311] analyzing module fp16_mult_wrapper
INFO: [VRFC 10-2263] Analyzing Verilog file "/home/intern-2501/internship/Mamba/Mamba-2/mamba2-minimal/verilog/ver6/hC.v" into library xil_defaultlib
INFO: [VRFC 10-311] analyzing module hC
INFO: [VRFC 10-2263] Analyzing Verilog file "/home/intern-2501/internship/Mamba/Mamba-2/mamba2-minimal/verilog/ver6/h_next.v" into library xil_defaultlib
INFO: [VRFC 10-311] analyzing module h_next
INFO: [VRFC 10-2263] Analyzing Verilog file "/home/intern-2501/internship/Mamba/Mamba-2/mamba2-minimal/verilog/ver6/ssm_top.v" into library xil_defaultlib
INFO: [VRFC 10-311] analyzing module SSMBLOCK_TOP
INFO: [VRFC 10-311] analyzing module pipe_bus
INFO: [VRFC 10-2263] Analyzing Verilog file "/home/intern-2501/internship/Mamba/Mamba-2/mamba2-minimal/verilog/ver6/xD.v" into library xil_defaultlib
INFO: [VRFC 10-311] analyzing module xD
INFO: [VRFC 10-2263] Analyzing Verilog file "/home/intern-2501/internship/Mamba/Mamba-2/mamba2-minimal/verilog/ver6/y_out.v" into library xil_defaultlib
INFO: [VRFC 10-311] analyzing module y_out
INFO: [VRFC 10-2263] Analyzing Verilog file "/home/intern-2501/internship/Mamba/Mamba-2/mamba2-minimal/verilog/ver6/tb_top_server_test.v" into library xil_defaultlib
INFO: [VRFC 10-311] analyzing module tb_ssmblock_fullscan
xvhdl --incr --relax -prj tb_ssmblock_fullscan_vhdl.prj
Waiting for jobs to finish...
No pending jobs, compilation finished.
INFO: [USF-XSim-69] 'compile' step finished in '3' seconds
INFO: [USF-XSim-3] XSim::Elaborate design
INFO: [USF-XSim-61] Executing 'ELABORATE' step in '/home/intern-2501/Mamba_SSM_Block_ver6/Mamba_SSM_Block_ver6.sim/sim_1/behav/xsim'
xelab --incr --debug typical --relax --mt 8 -L xil_defaultlib -L xbip_utils_v3_0_13 -L axi_utils_v2_0_9 -L xbip_pipe_v3_0_9 -L xbip_dsp48_wrapper_v3_0_6 -L xbip_dsp48_addsub_v3_0_9 -L xbip_dsp48_multadd_v3_0_9 -L xbip_bram18k_v3_0_9 -L mult_gen_v12_0_21 -L floating_point_v7_1_18 -L unisims_ver -L unimacro_ver -L secureip -L xpm --snapshot tb_ssmblock_fullscan_behav xil_defaultlib.tb_ssmblock_fullscan xil_defaultlib.glbl -log elaborate.log
Vivado Simulator v2024.1
Copyright 1986-2022 Xilinx, Inc. All Rights Reserved.
Copyright 2022-2024 Advanced Micro Devices, Inc. All Rights Reserved.
Running: /TOOLS/Xilinx/Vivado/2024.1/bin/unwrapped/lnx64.o/xelab --incr --debug typical --relax --mt 8 -L xil_defaultlib -L xbip_utils_v3_0_13 -L axi_utils_v2_0_9 -L xbip_pipe_v3_0_9 -L xbip_dsp48_wrapper_v3_0_6 -L xbip_dsp48_addsub_v3_0_9 -L xbip_dsp48_multadd_v3_0_9 -L xbip_bram18k_v3_0_9 -L mult_gen_v12_0_21 -L floating_point_v7_1_18 -L unisims_ver -L unimacro_ver -L secureip -L xpm --snapshot tb_ssmblock_fullscan_behav xil_defaultlib.tb_ssmblock_fullscan xil_defaultlib.glbl -log elaborate.log 
Using 8 slave threads.
Starting static elaboration
Pass Through NonSizing Optimizer
WARNING: [VRFC 10-3705] select index 7 into 'hC_buf' is out of bounds [/home/intern-2501/internship/Mamba/Mamba-2/mamba2-minimal/verilog/ver6/ssm_top.v:255]
WARNING: [VRFC 10-3705] select index 3 into 'hC_buf' is out of bounds [/home/intern-2501/internship/Mamba/Mamba-2/mamba2-minimal/verilog/ver6/ssm_top.v:256]
Completed static elaboration
Starting simulation data flow analysis
Completed simulation data flow analysis
Time Resolution for simulation is 1ps
Compiling package std.standard
Compiling package std.textio
Compiling package ieee.std_logic_1164
Compiling package floating_point_v7_1_18.floating_point_v7_1_18_viv_comp
Compiling package ieee.numeric_std
Compiling package xbip_utils_v3_0_13.xbip_utils_v3_0_13_pkg
Compiling package axi_utils_v2_0_9.axi_utils_v2_0_9_pkg
Compiling package floating_point_v7_1_18.floating_point_v7_1_18_consts
Compiling package ieee.math_real
Compiling package floating_point_v7_1_18.floating_point_v7_1_18_exp_table...
Compiling package mult_gen_v12_0_21.mult_gen_v12_0_21_pkg
Compiling package ieee.std_logic_arith
Compiling package ieee.std_logic_signed
Compiling package floating_point_v7_1_18.floating_point_v7_1_18_pkg
Compiling package floating_point_v7_1_18.flt_utils
Compiling package unisim.vcomponents
Compiling package mult_gen_v12_0_21.dsp_pkg
Compiling package ieee.vital_timing
Compiling package ieee.vital_primitives
Compiling package unisim.vpkg
Compiling package xbip_pipe_v3_0_9.xbip_pipe_v3_0_9_viv_comp
Compiling architecture synth of entity xbip_pipe_v3_0_9.xbip_pipe_v3_0_9_viv [\xbip_pipe_v3_0_9_viv(c_latency=...]
Compiling architecture rtl of entity floating_point_v7_1_18.delay [\delay(width=13,fast_input=true)...]
Compiling architecture synth of entity xbip_pipe_v3_0_9.xbip_pipe_v3_0_9_viv [\xbip_pipe_v3_0_9_viv(c_latency=...]
Compiling architecture rtl of entity floating_point_v7_1_18.delay [\delay(width=2,fast_input=true)\]
Compiling architecture xilinx of entity mult_gen_v12_0_21.delay_line [\delay_line(c_xdevicefamily="art...]
Compiling architecture xilinx of entity mult_gen_v12_0_21.delay_line [\delay_line(c_xdevicefamily="art...]
Compiling architecture dsp48e1_v of entity unisim.DSP48E1 [\DSP48E1(alumodereg=0,carryinreg...]
Compiling architecture xilinx of entity mult_gen_v12_0_21.delay_line [\delay_line(c_xdevicefamily="art...]
Compiling architecture xilinx of entity mult_gen_v12_0_21.delay_line [\delay_line(c_xdevicefamily="art...]
Compiling architecture xilinx of entity mult_gen_v12_0_21.op_resize [\op_resize(ai_width=11,bi_width=...]
Compiling architecture xilinx of entity mult_gen_v12_0_21.dsp [\dsp(c_xdevicefamily="artix7",c_...]
Compiling architecture xilinx of entity mult_gen_v12_0_21.mult_gen_v12_0_21_viv [\mult_gen_v12_0_21_viv(c_verbosi...]
Compiling architecture rtl of entity floating_point_v7_1_18.fix_mult_xx [\fix_mult_xx(c_xdevicefamily="ar...]
Compiling architecture rtl of entity floating_point_v7_1_18.fix_mult [\fix_mult(c_xdevicefamily="artix...]
Compiling architecture muxcy_v of entity unisim.MUXCY [muxcy_default]
Compiling architecture xorcy_v of entity unisim.XORCY [xorcy_default]
Compiling architecture fdre_v of entity unisim.FDRE [fdre_default]
Compiling architecture fde_v of entity unisim.FDE [fde_default]
Compiling architecture synth of entity xbip_pipe_v3_0_9.xbip_pipe_v3_0_9_viv [\xbip_pipe_v3_0_9_viv(c_has_ce=1...]
Compiling architecture rtl of entity floating_point_v7_1_18.delay [\delay(length=0)\]
Compiling architecture synth of entity xbip_pipe_v3_0_9.xbip_pipe_v3_0_9_viv [\xbip_pipe_v3_0_9_viv(c_latency=...]
Compiling architecture rtl of entity floating_point_v7_1_18.delay [\delay(width=4)\]
Compiling architecture synth of entity xbip_pipe_v3_0_9.xbip_pipe_v3_0_9_viv [\xbip_pipe_v3_0_9_viv(c_latency=...]
Compiling architecture rtl of entity floating_point_v7_1_18.delay [\delay(width=5,fast_input=true)\]
Compiling architecture struct of entity floating_point_v7_1_18.carry_chain [\carry_chain(c_xdevicefamily="ar...]
Compiling architecture synth of entity xbip_pipe_v3_0_9.xbip_pipe_v3_0_9_viv [\xbip_pipe_v3_0_9_viv(c_has_ce=1...]
Compiling architecture rtl of entity floating_point_v7_1_18.delay [\delay(width=16,length=0)\]
Compiling architecture synth of entity xbip_pipe_v3_0_9.xbip_pipe_v3_0_9_viv [\xbip_pipe_v3_0_9_viv(c_has_ce=1...]
Compiling architecture rtl of entity floating_point_v7_1_18.delay [\delay(width=2,length=0)\]
Compiling architecture struct of entity floating_point_v7_1_18.carry_chain [\carry_chain(c_xdevicefamily="ar...]
Compiling architecture synth of entity floating_point_v7_1_18.compare_eq_im [\compare_eq_im(c_xdevicefamily="...]
Compiling architecture synth of entity xbip_pipe_v3_0_9.xbip_pipe_v3_0_9_viv [\xbip_pipe_v3_0_9_viv(c_latency=...]
Compiling architecture rtl of entity floating_point_v7_1_18.delay [\delay(fast_input=true)\]
Compiling architecture rtl of entity floating_point_v7_1_18.special_detect [\special_detect(c_xdevicefamily=...]
Compiling architecture synth of entity xbip_pipe_v3_0_9.xbip_pipe_v3_0_9_viv [\xbip_pipe_v3_0_9_viv(c_latency=...]
Compiling architecture rtl of entity floating_point_v7_1_18.delay [delay_default]
Compiling architecture synth of entity xbip_pipe_v3_0_9.xbip_pipe_v3_0_9_viv [\xbip_pipe_v3_0_9_viv(c_latency=...]
Compiling architecture rtl of entity floating_point_v7_1_18.delay [\delay(length=3)\]
Compiling architecture synth of entity xbip_pipe_v3_0_9.xbip_pipe_v3_0_9_viv [\xbip_pipe_v3_0_9_viv(c_latency=...]
Compiling architecture rtl of entity floating_point_v7_1_18.delay [\delay(width=2,length=3,fast_inp...]
Compiling architecture synth of entity xbip_pipe_v3_0_9.xbip_pipe_v3_0_9_viv [\xbip_pipe_v3_0_9_viv(c_latency=...]
Compiling architecture rtl of entity floating_point_v7_1_18.delay [\delay(length=3,fast_input=true)...]
Compiling architecture synth of entity xbip_pipe_v3_0_9.xbip_pipe_v3_0_9_viv [\xbip_pipe_v3_0_9_viv(c_latency=...]
Compiling architecture rtl of entity floating_point_v7_1_18.delay [\delay(length=4,fast_input=true)...]
Compiling architecture synth of entity xbip_pipe_v3_0_9.xbip_pipe_v3_0_9_viv [\xbip_pipe_v3_0_9_viv(c_latency=...]
Compiling architecture rtl of entity floating_point_v7_1_18.delay [\delay(width=4,length=3,fast_inp...]
Compiling architecture synth of entity xbip_pipe_v3_0_9.xbip_pipe_v3_0_9_viv [\xbip_pipe_v3_0_9_viv(c_latency=...]
Compiling architecture rtl of entity floating_point_v7_1_18.delay [\delay(width=5,length=3)\]
Compiling architecture synth of entity xbip_pipe_v3_0_9.xbip_pipe_v3_0_9_viv [\xbip_pipe_v3_0_9_viv(c_has_ce=1...]
Compiling architecture rtl of entity floating_point_v7_1_18.delay [\delay(width=3,length=0,fast_inp...]
Compiling architecture synth of entity xbip_pipe_v3_0_9.xbip_pipe_v3_0_9_viv [\xbip_pipe_v3_0_9_viv(c_latency=...]
Compiling architecture rtl of entity floating_point_v7_1_18.delay [\delay(width=4,fast_input=true)\]
Compiling architecture synth of entity xbip_pipe_v3_0_9.xbip_pipe_v3_0_9_viv [\xbip_pipe_v3_0_9_viv(c_has_ce=1...]
Compiling architecture rtl of entity floating_point_v7_1_18.delay [\delay(length=0,fast_input=true)...]
Compiling architecture synth of entity xbip_pipe_v3_0_9.xbip_pipe_v3_0_9_viv [\xbip_pipe_v3_0_9_viv(c_latency=...]
Compiling architecture rtl of entity floating_point_v7_1_18.delay [\delay(width=14)\]
Compiling architecture rtl of entity floating_point_v7_1_18.flt_mult_exp [\flt_mult_exp(c_xdevicefamily="a...]
Compiling architecture synth of entity xbip_pipe_v3_0_9.xbip_pipe_v3_0_9_viv [\xbip_pipe_v3_0_9_viv(c_latency=...]
Compiling architecture rtl of entity floating_point_v7_1_18.delay [\delay(width=5)\]
Compiling architecture synth of entity xbip_pipe_v3_0_9.xbip_pipe_v3_0_9_viv [\xbip_pipe_v3_0_9_viv(c_has_ce=1...]
Compiling architecture rtl of entity floating_point_v7_1_18.delay [\delay(width=5,length=0)\]
Compiling architecture synth of entity xbip_pipe_v3_0_9.xbip_pipe_v3_0_9_viv [\xbip_pipe_v3_0_9_viv(c_has_ce=1...]
Compiling architecture rtl of entity floating_point_v7_1_18.delay [\delay(width=4,length=0)\]
Compiling architecture struct of entity floating_point_v7_1_18.carry_chain [\carry_chain(c_xdevicefamily="ar...]
Compiling architecture synth of entity xbip_pipe_v3_0_9.xbip_pipe_v3_0_9_viv [\xbip_pipe_v3_0_9_viv(c_latency=...]
Compiling architecture rtl of entity floating_point_v7_1_18.delay [\delay(width=6,fast_input=true)\]
Compiling architecture struct of entity floating_point_v7_1_18.carry_chain [\carry_chain(c_xdevicefamily="ar...]
Compiling architecture struct of entity floating_point_v7_1_18.carry_chain [\carry_chain(c_xdevicefamily="ar...]
Compiling architecture synth of entity xbip_pipe_v3_0_9.xbip_pipe_v3_0_9_viv [\xbip_pipe_v3_0_9_viv(c_has_ce=1...]
Compiling architecture rtl of entity floating_point_v7_1_18.delay [\delay(width=7,length=0)\]
Compiling architecture synth of entity xbip_pipe_v3_0_9.xbip_pipe_v3_0_9_viv [\xbip_pipe_v3_0_9_viv(c_has_ce=1...]
Compiling architecture rtl of entity floating_point_v7_1_18.delay [\delay(width=8,length=0)\]
Compiling architecture synth of entity xbip_pipe_v3_0_9.xbip_pipe_v3_0_9_viv [\xbip_pipe_v3_0_9_viv(c_has_ce=1...]
Compiling architecture rtl of entity floating_point_v7_1_18.delay [\delay(width=12,length=0,fast_in...]
Compiling architecture synth of entity xbip_pipe_v3_0_9.xbip_pipe_v3_0_9_viv [\xbip_pipe_v3_0_9_viv(c_has_ce=1...]
Compiling architecture rtl of entity floating_point_v7_1_18.delay [\delay(width=3,length=0)\]
Compiling architecture synth of entity xbip_pipe_v3_0_9.xbip_pipe_v3_0_9_viv [\xbip_pipe_v3_0_9_viv(c_has_ce=1...]
Compiling architecture rtl of entity floating_point_v7_1_18.delay [\delay(width=2,length=0,fast_inp...]
Compiling architecture struct of entity floating_point_v7_1_18.carry_chain [\carry_chain(c_xdevicefamily="ar...]
Compiling architecture rtl of entity floating_point_v7_1_18.flt_round_bit [\flt_round_bit(c_xdevicefamily="...]
Compiling architecture rtl of entity floating_point_v7_1_18.renorm_and_round_logic [\renorm_and_round_logic(c_xdevic...]
Compiling architecture rtl of entity floating_point_v7_1_18.flt_mult_round [\flt_mult_round(c_xdevicefamily=...]
Compiling architecture synth of entity floating_point_v7_1_18.flt_dec_op_lat [\flt_dec_op_lat(c_xdevicefamily=...]
Compiling architecture rtl of entity floating_point_v7_1_18.flt_mult [\flt_mult(c_xdevicefamily="artix...]
Compiling module unisims_ver.x_lut1_mux2
Compiling module unisims_ver.LUT1
Compiling architecture synth of entity xbip_pipe_v3_0_9.xbip_pipe_v3_0_9_viv [\xbip_pipe_v3_0_9_viv(c_latency=...]
Compiling architecture xilinx of entity floating_point_v7_1_18.floating_point_v7_1_18_viv [\floating_point_v7_1_18_viv(c_xd...]
Compiling architecture xilinx of entity floating_point_v7_1_18.floating_point_v7_1_18 [\floating_point_v7_1_18(c_xdevic...]
Compiling module xil_defaultlib.floating_point_1
Compiling module xil_defaultlib.fp16_mult_wrapper
Compiling module xil_defaultlib.dx
Compiling module xil_defaultlib.dBx(N_TILE=128)
Compiling module xil_defaultlib.dAh(N_TILE=128)
Compiling module xil_defaultlib.pipe_bus(W=2048,D=6)
Compiling architecture synth of entity xbip_pipe_v3_0_9.xbip_pipe_v3_0_9_viv [\xbip_pipe_v3_0_9_viv(c_latency=...]
Compiling architecture rtl of entity floating_point_v7_1_18.delay [\delay(width=11,length=2,fast_in...]
Compiling architecture synth of entity xbip_pipe_v3_0_9.xbip_pipe_v3_0_9_viv [\xbip_pipe_v3_0_9_viv(c_latency=...]
Compiling architecture rtl of entity floating_point_v7_1_18.delay [\delay(width=16)\]
Compiling architecture synth of entity xbip_pipe_v3_0_9.xbip_pipe_v3_0_9_viv [\xbip_pipe_v3_0_9_viv(c_latency=...]
Compiling architecture rtl of entity floating_point_v7_1_18.delay [\delay(length=2)\]
Compiling architecture dsp48e1_v of entity unisim.DSP48E1 [\DSP48E1(mask="11111111111111111...]
Compiling architecture synth of entity xbip_pipe_v3_0_9.xbip_pipe_v3_0_9_viv [\xbip_pipe_v3_0_9_viv(c_has_ce=1...]
Compiling architecture rtl of entity floating_point_v7_1_18.delay [\delay(width=48,length=0)\]
Compiling architecture synth of entity xbip_pipe_v3_0_9.xbip_pipe_v3_0_9_viv [\xbip_pipe_v3_0_9_viv(c_has_ce=1...]
Compiling architecture rtl of entity floating_point_v7_1_18.delay [\delay(width=11,length=0)\]
Compiling architecture rtl of entity floating_point_v7_1_18.dsp48e1_wrapper [\dsp48e1_wrapper(c_part="xc7a200...]
Compiling architecture synth of entity xbip_pipe_v3_0_9.xbip_pipe_v3_0_9_viv [\xbip_pipe_v3_0_9_viv(c_has_ce=1...]
Compiling architecture rtl of entity floating_point_v7_1_18.delay [\delay(width=14,length=0)\]
Compiling architecture synth of entity floating_point_v7_1_18.align_add_dsp48e1_hp [\align_add_dsp48e1_hp(c_xdevicef...]
Compiling architecture lut5_v of entity unisim.LUT5 [\LUT5(init="00000000000000001111...]
Compiling architecture lut5_v of entity unisim.LUT5 [\LUT5(init="00000000000000000000...]
Compiling architecture lut5_v of entity unisim.LUT5 [\LUT5(init="00000000000000000000...]
Compiling architecture lut5_v of entity unisim.LUT5 [\LUT5(init="00000000000000000000...]
Compiling architecture rtl of entity floating_point_v7_1_18.lead_zero_encode_shift_hp [\lead_zero_encode_shift_hp(regis...]
Compiling architecture lut6_v of entity unisim.LUT6 [\LUT6(init="11111110010101001011...]
Compiling architecture lut5_v of entity unisim.LUT5 [\LUT5(init="00010001010111110000...]
Compiling architecture lut5_v of entity unisim.LUT5 [\LUT5(init="11101110101000001111...]
Compiling architecture dsp48e1_v of entity unisim.DSP48E1 [\DSP48E1(acascreg=2,alumodereg=0...]
Compiling architecture synth of entity xbip_pipe_v3_0_9.xbip_pipe_v3_0_9_viv [\xbip_pipe_v3_0_9_viv(c_has_ce=1...]
Compiling architecture rtl of entity floating_point_v7_1_18.delay [\delay(width=13,length=0)\]
Compiling architecture synth of entity xbip_pipe_v3_0_9.xbip_pipe_v3_0_9_viv [\xbip_pipe_v3_0_9_viv(c_has_ce=1...]
Compiling architecture rtl of entity floating_point_v7_1_18.delay [\delay(width=25,length=0)\]
Compiling architecture rtl of entity floating_point_v7_1_18.dsp48e1_wrapper [\dsp48e1_wrapper(a_width=13,c_wi...]
Compiling architecture rtl of entity floating_point_v7_1_18.norm_and_round_dsp48e1_hp [\norm_and_round_dsp48e1_hp(c_xde...]
Compiling architecture lut5_v of entity unisim.LUT5 [\LUT5(init="10011001100110011001...]
Compiling architecture lut5_v of entity unisim.LUT5 [\LUT5(init="11111111000000001111...]
Compiling architecture synth of entity xbip_pipe_v3_0_9.xbip_pipe_v3_0_9_viv [\xbip_pipe_v3_0_9_viv(c_has_ce=1...]
Compiling architecture rtl of entity floating_point_v7_1_18.delay [\delay(width=6,length=0)\]
Compiling architecture struct of entity floating_point_v7_1_18.carry_chain [\carry_chain(c_xdevicefamily="ar...]
Compiling architecture synth of entity xbip_pipe_v3_0_9.xbip_pipe_v3_0_9_viv [\xbip_pipe_v3_0_9_viv(c_latency=...]
Compiling architecture rtl of entity floating_point_v7_1_18.delay [\delay(width=6)\]
Compiling architecture synth of entity xbip_pipe_v3_0_9.xbip_pipe_v3_0_9_viv [\xbip_pipe_v3_0_9_viv(c_latency=...]
Compiling architecture rtl of entity floating_point_v7_1_18.delay [\delay(width=6,length=5)\]
Compiling architecture lut6_2_v of entity unisim.LUT6_2 [\LUT6_2(init="000011111111000011...]
Compiling architecture lut6_2_v of entity unisim.LUT6_2 [\LUT6_2(init="111010111011111010...]
Compiling architecture lut6_2_v of entity unisim.LUT6_2 [\LUT6_2(init="111111111111000000...]
Compiling architecture xilinx of entity mult_gen_v12_0_21.three_input_adder [\three_input_adder(c_a_width=7,c...]
Compiling architecture synth of entity xbip_pipe_v3_0_9.xbip_pipe_v3_0_9_viv [\xbip_pipe_v3_0_9_viv(c_latency=...]
Compiling architecture rtl of entity floating_point_v7_1_18.delay [\delay(width=7)\]
Compiling architecture struct of entity floating_point_v7_1_18.carry_chain [\carry_chain(c_xdevicefamily="ar...]
Compiling architecture synth of entity floating_point_v7_1_18.compare_gt [\compare_gt(c_xdevicefamily="art...]
Compiling architecture synth of entity floating_point_v7_1_18.compare [\compare(c_xdevicefamily="artix7...]
Compiling architecture synth of entity xbip_pipe_v3_0_9.xbip_pipe_v3_0_9_viv [\xbip_pipe_v3_0_9_viv(c_latency=...]
Compiling architecture rtl of entity floating_point_v7_1_18.delay [\delay(width=2,length=8,fast_inp...]
Compiling architecture synth of entity xbip_pipe_v3_0_9.xbip_pipe_v3_0_9_viv [\xbip_pipe_v3_0_9_viv(c_latency=...]
Compiling architecture rtl of entity floating_point_v7_1_18.delay [\delay(length=9,fast_input=true)...]
Compiling architecture synth of entity xbip_pipe_v3_0_9.xbip_pipe_v3_0_9_viv [\xbip_pipe_v3_0_9_viv(c_latency=...]
Compiling architecture rtl of entity floating_point_v7_1_18.delay [\delay(length=8,fast_input=true)...]
Compiling architecture synth of entity xbip_pipe_v3_0_9.xbip_pipe_v3_0_9_viv [\xbip_pipe_v3_0_9_viv(c_latency=...]
Compiling architecture rtl of entity floating_point_v7_1_18.delay [\delay(width=12)\]
Compiling architecture rtl of entity floating_point_v7_1_18.flt_add_exp_hp [\flt_add_exp_hp(c_xdevicefamily=...]
Compiling architecture synth of entity xbip_pipe_v3_0_9.xbip_pipe_v3_0_9_viv [\xbip_pipe_v3_0_9_viv(c_latency=...]
Compiling architecture rtl of entity floating_point_v7_1_18.delay [\delay(width=10)\]
Compiling architecture synth of entity floating_point_v7_1_18.flt_dec_op [\flt_dec_op(c_xdevicefamily="art...]
Compiling architecture rtl of entity floating_point_v7_1_18.flt_add_dsp [\flt_add_dsp(c_xdevicefamily="ar...]
Compiling architecture rtl of entity floating_point_v7_1_18.flt_add [\flt_add(c_xdevicefamily="artix7...]
Compiling architecture synth of entity xbip_pipe_v3_0_9.xbip_pipe_v3_0_9_viv [\xbip_pipe_v3_0_9_viv(c_latency=...]
Compiling architecture xilinx of entity floating_point_v7_1_18.floating_point_v7_1_18_viv [\floating_point_v7_1_18_viv(c_xd...]
Compiling architecture xilinx of entity floating_point_v7_1_18.floating_point_v7_1_18 [\floating_point_v7_1_18(c_xdevic...]
Compiling module xil_defaultlib.floating_point_0
Compiling module xil_defaultlib.fp16_add_wrapper
Compiling module xil_defaultlib.h_next(N_TILE=128)
Compiling module xil_defaultlib.hC(N_TILE=128)
Compiling module xil_defaultlib.xD
Compiling module xil_defaultlib.fp16_adder_tree_128_default
Compiling module xil_defaultlib.y_out
WARNING: [VRFC 10-3705] select index 7 into 'hC_buf' is out of bounds [/home/intern-2501/internship/Mamba/Mamba-2/mamba2-minimal/verilog/ver6/ssm_top.v:255]
WARNING: [VRFC 10-3705] select index 3 into 'hC_buf' is out of bounds [/home/intern-2501/internship/Mamba/Mamba-2/mamba2-minimal/verilog/ver6/ssm_top.v:256]
Compiling module xil_defaultlib.SSMBLOCK_TOP(N_TILE=128)
Compiling module xil_defaultlib.tb_ssmblock_fullscan
Compiling module xil_defaultlib.glbl
Built simulation snapshot tb_ssmblock_fullscan_behav
execute_script: Time (s): cpu = 00:03:12 ; elapsed = 00:01:06 . Memory (MB): peak = 8563.777 ; gain = 0.000 ; free physical = 323458 ; free virtual = 479522
INFO: [USF-XSim-69] 'elaborate' step finished in '66' seconds
INFO: [USF-XSim-4] XSim::Simulate design
INFO: [USF-XSim-61] Executing 'SIMULATE' step in '/home/intern-2501/Mamba_SSM_Block_ver6/Mamba_SSM_Block_ver6.sim/sim_1/behav/xsim'
INFO: [USF-XSim-98] *** Running xsim
   with args "tb_ssmblock_fullscan_behav -key {Behavioral:sim_1:Functional:tb_ssmblock_fullscan} -tclbatch {tb_ssmblock_fullscan.tcl} -view {/home/intern-2501/Mamba_SSM_Block_ver6/tb_ssmblock_fullscan_behav.wcfg} -log {simulate.log}"
INFO: [USF-XSim-8] Loading simulator feature
Time resolution is 1 ps
open_wave_config /home/intern-2501/Mamba_SSM_Block_ver6/tb_ssmblock_fullscan_behav.wcfg
WARNING: Simulation object /tb_ssmblock_fullscan/dut/xD_hold was not found in the design.
WARNING: Simulation object /tb_ssmblock_fullscan/dut/xD_hold_v was not found in the design.
source tb_ssmblock_fullscan.tcl
# set curr_wave [current_wave_config]
# if { [string length $curr_wave] == 0 } {
#   if { [llength [get_objects]] > 0} {
#     add_wave /
#     set_property needs_save false [current_wave_config]
#   } else {
#      send_msg_id Add_Wave-1 WARNING "No top level signals found. Simulator will start without a wave window. If you want to open a wave window go to 'File->New Waveform Configuration' or type 'create_wave_config' in the TCL console."
#   }
# }
# run 1000ns
==== Full scan start: H=24, P=64, N=128 (H_tile=1, P_tile=1, N_TILE=128) ====
run: Time (s): cpu = 00:00:02 ; elapsed = 00:00:10 . Memory (MB): peak = 9218.254 ; gain = 584.273 ; free physical = 322771 ; free virtual = 478822
xsim: Time (s): cpu = 00:00:08 ; elapsed = 00:00:13 . Memory (MB): peak = 9218.254 ; gain = 649.164 ; free physical = 322771 ; free virtual = 478822
INFO: [USF-XSim-96] XSim completed. Design snapshot 'tb_ssmblock_fullscan_behav' loaded.
INFO: [USF-XSim-97] XSim simulation ran for 1000ns
launch_simulation: Time (s): cpu = 00:03:24 ; elapsed = 00:01:23 . Memory (MB): peak = 9218.254 ; gain = 654.477 ; free physical = 322771 ; free virtual = 478822
run all
[15475000] Draining 119 pending results...
[16665000] WARN: y_final_valid_o with empty FIFO!
[16675000] WARN: y_final_valid_o with empty FIFO!
[16685000] WARN: y_final_valid_o with empty FIFO!
[16695000] WARN: y_final_valid_o with empty FIFO!
[16705000] WARN: y_final_valid_o with empty FIFO!
[16715000] WARN: y_final_valid_o with empty FIFO!
[16725000] WARN: y_final_valid_o with empty FIFO!
[16735000] WARN: y_final_valid_o with empty FIFO!
[16745000] WARN: y_final_valid_o with empty FIFO!
✅ Full scan completed. Results written.
[16755000] WARN: y_final_valid_o with empty FIFO!
[16765000] WARN: y_final_valid_o with empty FIFO!
[16775000] WARN: y_final_valid_o with empty FIFO!
[16785000] WARN: y_final_valid_o with empty FIFO!
[16795000] WARN: y_final_valid_o with empty FIFO!
$finish called at time : 16805 ns : File "/home/intern-2501/internship/Mamba/Mamba-2/mamba2-minimal/verilog/ver6/tb_top_server_test.v" Line 255
run: Time (s): cpu = 00:00:45 ; elapsed = 00:03:20 . Memory (MB): peak = 9358.617 ; gain = 128.387 ; free physical = 322547 ; free virtual = 478559
WARNING: [filemgmt 56-199] Attempt to get parsing info during refresh. "On-the-fly" syntax checking information may be incorrect. [/home/intern-2501/internship/Mamba/Mamba-2/mamba2-minimal/verilog/ver6/tb_top_server_test.v:]
WARNING: [filemgmt 56-199] Attempt to get parsing info during refresh. "On-the-fly" syntax checking information may be incorrect. [/home/intern-2501/internship/Mamba/Mamba-2/mamba2-minimal/verilog/ver6/ssm_top.v:]
WARNING: [filemgmt 56-199] Attempt to get parsing info during refresh. "On-the-fly" syntax checking information may be incorrect. [/home/intern-2501/internship/Mamba/Mamba-2/mamba2-minimal/verilog/ver6/ssm_top.v:]
WARNING: [filemgmt 56-199] Attempt to get parsing info during refresh. "On-the-fly" syntax checking information may be incorrect. [/home/intern-2501/internship/Mamba/Mamba-2/mamba2-minimal/verilog/ver6/ssm_top.v:]
reset_run synth_1
INFO: [Project 1-1161] Replacing file /home/intern-2501/Mamba_SSM_Block_ver6/Mamba_SSM_Block_ver6.srcs/utils_1/imports/synth_1/SSMBLOCK_TOP.dcp with file /home/intern-2501/Mamba_SSM_Block_ver6/Mamba_SSM_Block_ver6.runs/synth_1/SSMBLOCK_TOP.dcp
launch_runs impl_1 -jobs 79
WARNING: [filemgmt 56-199] Attempt to get parsing info during refresh. "On-the-fly" syntax checking information may be incorrect. [/home/intern-2501/internship/Mamba/Mamba-2/mamba2-minimal/verilog/ver6/tb_top_server_test.v:]
WARNING: [filemgmt 56-199] Attempt to get parsing info during refresh. "On-the-fly" syntax checking information may be incorrect. [/home/intern-2501/internship/Mamba/Mamba-2/mamba2-minimal/verilog/ver6/ssm_top.v:]
WARNING: [filemgmt 56-199] Attempt to get parsing info during refresh. "On-the-fly" syntax checking information may be incorrect. [/home/intern-2501/internship/Mamba/Mamba-2/mamba2-minimal/verilog/ver6/ssm_top.v:]
WARNING: [filemgmt 56-199] Attempt to get parsing info during refresh. "On-the-fly" syntax checking information may be incorrect. [/home/intern-2501/internship/Mamba/Mamba-2/mamba2-minimal/verilog/ver6/ssm_top.v:]
[Thu Aug 21 16:53:27 2025] Launched synth_1...
Run output will be captured here: /home/intern-2501/Mamba_SSM_Block_ver6/Mamba_SSM_Block_ver6.runs/synth_1/runme.log
[Thu Aug 21 16:53:27 2025] Launched impl_1...
Run output will be captured here: /home/intern-2501/Mamba_SSM_Block_ver6/Mamba_SSM_Block_ver6.runs/impl_1/runme.log
open_run impl_1
INFO: [Device 21-403] Loading part xc7a200tfbg676-2
INFO: [Device 21-9227] Part: xc7a200tfbg676-2 does not have CEAM library.
Netlist sorting complete. Time (s): cpu = 00:00:00.39 ; elapsed = 00:00:00.39 . Memory (MB): peak = 9835.508 ; gain = 0.000 ; free physical = 322682 ; free virtual = 478048
INFO: [Netlist 29-17] Analyzing 1966 Unisim elements for replacement
INFO: [Netlist 29-28] Unisim Transformation completed in 0 CPU seconds
INFO: [Project 1-479] Netlist was created with Vivado 2024.1
INFO: [Project 1-570] Preparing netlist for logic optimization
Read ShapeDB Complete: Time (s): cpu = 00:00:00.11 ; elapsed = 00:00:00.12 . Memory (MB): peak = 9957.422 ; gain = 9.258 ; free physical = 322560 ; free virtual = 477926
INFO: [Timing 38-478] Restoring timing data from binary archive.
INFO: [Timing 38-479] Binary timing data restore complete.
INFO: [Project 1-856] Restoring constraints from binary archive.
INFO: [Project 1-853] Binary constraint restore complete.
INFO: [Designutils 20-5722] Start Reading Physical Databases.
Reading placement.
Read Netlist Cache: Time (s): cpu = 00:00:00.02 ; elapsed = 00:00:00.02 . Memory (MB): peak = 10635.297 ; gain = 0.000 ; free physical = 321953 ; free virtual = 477319
Reading placer database...
Read Device Cache: Time (s): cpu = 00:00:00 ; elapsed = 00:00:00 . Memory (MB): peak = 10635.297 ; gain = 0.000 ; free physical = 321953 ; free virtual = 477319
Read PlaceDB: Time (s): cpu = 00:00:01 ; elapsed = 00:00:01 . Memory (MB): peak = 10641.273 ; gain = 5.977 ; free physical = 321947 ; free virtual = 477313
Read PulsedLatchDB: Time (s): cpu = 00:00:00 ; elapsed = 00:00:00 . Memory (MB): peak = 10641.273 ; gain = 0.000 ; free physical = 321947 ; free virtual = 477313
Reading routing.
Read RouteStorage: Time (s): cpu = 00:00:00.42 ; elapsed = 00:00:00.18 . Memory (MB): peak = 10661.773 ; gain = 20.500 ; free physical = 321927 ; free virtual = 477293
Read Physdb Files: Time (s): cpu = 00:00:02 ; elapsed = 00:00:01 . Memory (MB): peak = 10661.773 ; gain = 26.477 ; free physical = 321927 ; free virtual = 477293
Restored from archive | CPU: 1.600000 secs | Memory: 45.940094 MB |
Finished XDEF File Restore: Time (s): cpu = 00:00:02 ; elapsed = 00:00:01 . Memory (MB): peak = 10661.773 ; gain = 26.477 ; free physical = 321927 ; free virtual = 477293
Netlist sorting complete. Time (s): cpu = 00:00:00.02 ; elapsed = 00:00:00.01 . Memory (MB): peak = 10718.781 ; gain = 0.000 ; free physical = 321888 ; free virtual = 477254
INFO: [Project 1-111] Unisim Transformation Summary:
  A total of 352 instances were transformed.
  LUT6_2 => LUT6_2 (LUT5, LUT6): 336 instances
  SRLC32E => SRL16E: 16 instances

open_run: Time (s): cpu = 00:00:34 ; elapsed = 00:00:21 . Memory (MB): peak = 11602.449 ; gain = 2131.770 ; free physical = 321596 ; free virtual = 476968
WARNING: [filemgmt 56-199] Attempt to get parsing info during refresh. "On-the-fly" syntax checking information may be incorrect. [/home/intern-2501/internship/Mamba/Mamba-2/mamba2-minimal/verilog/ver6/tb_top_server_test.v:]
WARNING: [filemgmt 56-199] Attempt to get parsing info during refresh. "On-the-fly" syntax checking information may be incorrect. [/home/intern-2501/internship/Mamba/Mamba-2/mamba2-minimal/verilog/ver6/ssm_top.v:]
WARNING: [filemgmt 56-199] Attempt to get parsing info during refresh. "On-the-fly" syntax checking information may be incorrect. [/home/intern-2501/internship/Mamba/Mamba-2/mamba2-minimal/verilog/ver6/ssm_top.v:]
WARNING: [filemgmt 56-199] Attempt to get parsing info during refresh. "On-the-fly" syntax checking information may be incorrect. [/home/intern-2501/internship/Mamba/Mamba-2/mamba2-minimal/verilog/ver6/ssm_top.v:]
reset_run synth_1
INFO: [Project 1-1161] Replacing file /home/intern-2501/Mamba_SSM_Block_ver6/Mamba_SSM_Block_ver6.srcs/utils_1/imports/synth_1/SSMBLOCK_TOP.dcp with file /home/intern-2501/Mamba_SSM_Block_ver6/Mamba_SSM_Block_ver6.runs/synth_1/SSMBLOCK_TOP.dcp
WARNING: [filemgmt 56-199] Attempt to get parsing info during refresh. "On-the-fly" syntax checking information may be incorrect. [/home/intern-2501/internship/Mamba/Mamba-2/mamba2-minimal/verilog/ver6/tb_top_server_test.v:]
WARNING: [filemgmt 56-199] Attempt to get parsing info during refresh. "On-the-fly" syntax checking information may be incorrect. [/home/intern-2501/internship/Mamba/Mamba-2/mamba2-minimal/verilog/ver6/ssm_top.v:]
WARNING: [filemgmt 56-199] Attempt to get parsing info during refresh. "On-the-fly" syntax checking information may be incorrect. [/home/intern-2501/internship/Mamba/Mamba-2/mamba2-minimal/verilog/ver6/tb_top_server_test.v:]
WARNING: [filemgmt 56-199] Attempt to get parsing info during refresh. "On-the-fly" syntax checking information may be incorrect. [/home/intern-2501/internship/Mamba/Mamba-2/mamba2-minimal/verilog/ver6/tb_top_server_test.v:]
launch_runs impl_1 -jobs 79
[Thu Aug 21 17:07:39 2025] Launched synth_1...
Run output will be captured here: /home/intern-2501/Mamba_SSM_Block_ver6/Mamba_SSM_Block_ver6.runs/synth_1/runme.log
[Thu Aug 21 17:07:39 2025] Launched impl_1...
Run output will be captured here: /home/intern-2501/Mamba_SSM_Block_ver6/Mamba_SSM_Block_ver6.runs/impl_1/runme.log
close_design
open_run impl_1
Netlist sorting complete. Time (s): cpu = 00:00:00.43 ; elapsed = 00:00:00.42 . Memory (MB): peak = 11602.449 ; gain = 0.000 ; free physical = 319003 ; free virtual = 474302
INFO: [Netlist 29-17] Analyzing 1966 Unisim elements for replacement
INFO: [Netlist 29-28] Unisim Transformation completed in 0 CPU seconds
INFO: [Project 1-479] Netlist was created with Vivado 2024.1
INFO: [Project 1-570] Preparing netlist for logic optimization
Read ShapeDB Complete: Time (s): cpu = 00:00:00.12 ; elapsed = 00:00:00.12 . Memory (MB): peak = 11602.449 ; gain = 0.000 ; free physical = 319003 ; free virtual = 474301
INFO: [Timing 38-478] Restoring timing data from binary archive.
INFO: [Timing 38-479] Binary timing data restore complete.
INFO: [Project 1-856] Restoring constraints from binary archive.
INFO: [Project 1-853] Binary constraint restore complete.
INFO: [Designutils 20-5722] Start Reading Physical Databases.
Reading placement.
Read Netlist Cache: Time (s): cpu = 00:00:00.01 ; elapsed = 00:00:00.01 . Memory (MB): peak = 11602.449 ; gain = 0.000 ; free physical = 321503 ; free virtual = 476802
Reading placer database...
Read Device Cache: Time (s): cpu = 00:00:00 ; elapsed = 00:00:00.01 . Memory (MB): peak = 11602.449 ; gain = 0.000 ; free physical = 321503 ; free virtual = 476802
Read PlaceDB: Time (s): cpu = 00:00:01 ; elapsed = 00:00:01 . Memory (MB): peak = 11602.449 ; gain = 0.000 ; free physical = 321501 ; free virtual = 476800
Read PulsedLatchDB: Time (s): cpu = 00:00:00 ; elapsed = 00:00:00 . Memory (MB): peak = 11602.449 ; gain = 0.000 ; free physical = 321501 ; free virtual = 476800
Reading routing.
Read RouteStorage: Time (s): cpu = 00:00:00.43 ; elapsed = 00:00:00.2 . Memory (MB): peak = 11602.449 ; gain = 0.000 ; free physical = 321495 ; free virtual = 476794
Read Physdb Files: Time (s): cpu = 00:00:02 ; elapsed = 00:00:01 . Memory (MB): peak = 11602.449 ; gain = 0.000 ; free physical = 321495 ; free virtual = 476794
Restored from archive | CPU: 1.640000 secs | Memory: 44.871094 MB |
Finished XDEF File Restore: Time (s): cpu = 00:00:02 ; elapsed = 00:00:01 . Memory (MB): peak = 11602.449 ; gain = 0.000 ; free physical = 321495 ; free virtual = 476794
Netlist sorting complete. Time (s): cpu = 00:00:00.02 ; elapsed = 00:00:00.02 . Memory (MB): peak = 11602.449 ; gain = 0.000 ; free physical = 321495 ; free virtual = 476794
INFO: [Project 1-111] Unisim Transformation Summary:
  A total of 352 instances were transformed.
  LUT6_2 => LUT6_2 (LUT5, LUT6): 336 instances
  SRLC32E => SRL16E: 16 instances

open_run: Time (s): cpu = 00:00:22 ; elapsed = 00:00:17 . Memory (MB): peak = 11602.449 ; gain = 0.000 ; free physical = 321495 ; free virtual = 476800
close_sim
INFO: xsimkernel Simulation Memory Usage: 537568 KB (Peak: 596904 KB), Simulation CPU Usage: 209460 ms
INFO: [Simtcl 6-16] Simulation closed
exit
INFO: [Common 17-206] Exiting Vivado at Thu Aug 21 17:33:33 2025...
