#-----------------------------------------------------------
# Vivado v2024.1 (64-bit)
# SW Build 5076996 on Wed May 22 18:36:09 MDT 2024
# IP Build 5075265 on Wed May 22 21:45:21 MDT 2024
# SharedData Build 5076995 on Wed May 22 18:29:18 MDT 2024
# Start of session at: Wed Aug  6 15:50:33 2025
# Process ID: 1688114
# Current directory: /home/intern-2501/internship
# Command line: vivado
# Log file: /home/intern-2501/internship/vivado.log
# Journal file: /home/intern-2501/internship/vivado.jou
# Running On        :broccoli
# Platform          :RedHatEnterprise
# Operating System  :Red Hat Enterprise Linux release 8.10 (Ootpa)
# Processor Detail  :Intel(R) Xeon(R) Gold 6242R CPU @ 3.10GHz
# CPU Frequency     :3860.781 MHz
# CPU Physical cores:40
# CPU Logical cores :80
# Host memory       :539818 MB
# Swap memory       :4294 MB
# Total Virtual     :544113 MB
# Available Virtual :496132 MB
#-----------------------------------------------------------
start_gui
open_project /home/intern-2501/Mamba_SSM_Block/Mamba_SSM_Block.xpr
WARNING: [Board 49-26] cannot add Board Part xilinx.com:vek280_es:part0:1.0 available at /TOOLS/Xilinx/Vivado/2024.1/data/xhub/boards/XilinxBoardStore/boards/Xilinx/vek280/es/rev_a/1.0/board.xml as part xcve2802-vsvh1760-2lp-e-s-es1 specified in board_part file is either invalid or not available
WARNING: [Board 49-26] cannot add Board Part xilinx.com:vek280_es:part0:1.1 available at /TOOLS/Xilinx/Vivado/2024.1/data/xhub/boards/XilinxBoardStore/boards/Xilinx/vek280/es/rev_a/1.1/board.xml as part xcve2802-vsvh1760-2lp-e-s-es1 specified in board_part file is either invalid or not available
WARNING: [Board 49-26] cannot add Board Part xilinx.com:vek280_es_revb:part0:1.0 available at /TOOLS/Xilinx/Vivado/2024.1/data/xhub/boards/XilinxBoardStore/boards/Xilinx/vek280/es/rev_b/1.0/board.xml as part xcve2802-vsvh1760-2mp-e-s-es1 specified in board_part file is either invalid or not available
WARNING: [Board 49-26] cannot add Board Part xilinx.com:vek280_es_revb:part0:1.1 available at /TOOLS/Xilinx/Vivado/2024.1/data/xhub/boards/XilinxBoardStore/boards/Xilinx/vek280/es/rev_b/1.1/board.xml as part xcve2802-vsvh1760-2mp-e-s-es1 specified in board_part file is either invalid or not available
WARNING: [Board 49-26] cannot add Board Part xilinx.com:vhk158_es:part0:1.0 available at /TOOLS/Xilinx/Vivado/2024.1/data/xhub/boards/XilinxBoardStore/boards/Xilinx/vhk158/es/1.0/board.xml as part xcvh1582-vsva3697-2mp-e-s-es1 specified in board_part file is either invalid or not available
WARNING: [Board 49-26] cannot add Board Part xilinx.com:vhk158_es:part0:1.1 available at /TOOLS/Xilinx/Vivado/2024.1/data/xhub/boards/XilinxBoardStore/boards/Xilinx/vhk158/es/1.1/board.xml as part xcvh1582-vsva3697-2mp-e-s-es1 specified in board_part file is either invalid or not available
WARNING: [Board 49-26] cannot add Board Part xilinx.com:zcu208ld:part0:2.0 available at /TOOLS/Xilinx/Vivado/2024.1/data/xhub/boards/XilinxBoardStore/boards/Xilinx/zcu208ld/production/2.0/board.xml as part xczu58dr-fsvg1517-2-i specified in board_part file is either invalid or not available
WARNING: [Board 49-26] cannot add Board Part xilinx.com:zcu216ld:part0:2.0 available at /TOOLS/Xilinx/Vivado/2024.1/data/xhub/boards/XilinxBoardStore/boards/Xilinx/zcu216ld/production/2.0/board.xml as part xczu59dr-ffvf1760-2-i specified in board_part file is either invalid or not available
WARNING: [Board 49-26] cannot add Board Part xilinx.com:zcu670ld:part0:1.0 available at /TOOLS/Xilinx/Vivado/2024.1/data/xhub/boards/XilinxBoardStore/boards/Xilinx/zcu670ld/1.0/board.xml as part xczu57dr-fsve1156-2-i specified in board_part file is either invalid or not available
Scanning sources...
Finished scanning sources
INFO: [IP_Flow 19-234] Refreshing IP repositories
INFO: [IP_Flow 19-1704] No user IP repositories specified
INFO: [IP_Flow 19-2313] Loaded Vivado IP repository '/TOOLS/Xilinx/Vivado/2024.1/data/ip'.
open_project: Time (s): cpu = 00:00:14 ; elapsed = 00:00:08 . Memory (MB): peak = 8573.082 ; gain = 461.480 ; free physical = 263904 ; free virtual = 472123
update_compile_order -fileset sources_1
WARNING: [filemgmt 56-199] Attempt to get parsing info during refresh. "On-the-fly" syntax checking information may be incorrect. [/home/intern-2501/internship/Mamba/Mamba-2/mamba2-minimal/verilog/ver3/top.v:]
WARNING: [filemgmt 56-199] Attempt to get parsing info during refresh. "On-the-fly" syntax checking information may be incorrect. [/home/intern-2501/internship/Mamba/Mamba-2/mamba2-minimal/verilog/ver3/accumulator.v:]
WARNING: [filemgmt 56-199] Attempt to get parsing info during refresh. "On-the-fly" syntax checking information may be incorrect. [/home/intern-2501/internship/Mamba/Mamba-2/mamba2-minimal/verilog/ver3/accumulator.v:]
WARNING: [filemgmt 56-199] Attempt to get parsing info during refresh. "On-the-fly" syntax checking information may be incorrect. [/home/intern-2501/internship/Mamba/Mamba-2/mamba2-minimal/verilog/ver3/accumulator.v:]
launch_simulation
Command: launch_simulation 
INFO: [Vivado 12-12493] Simulation top is 'testbench_fp16_wrapper'
INFO: [Vivado 12-5698] Checking validity of IPs in the design for the 'XSim' simulator...
INFO: [Vivado 12-5682] Launching behavioral simulation in '/home/intern-2501/Mamba_SSM_Block/Mamba_SSM_Block.sim/sim_1/behav/xsim'
INFO: [Vivado 12-4795] Using compiled simulation libraries for IPs
INFO: [SIM-utils-51] Simulation object is 'sim_1'
INFO: [SIM-utils-72] Using boost library from '/TOOLS/Xilinx/Vivado/2024.1/tps/boost_1_72_0'
INFO: [USF-XSim-7] Finding pre-compiled libraries...
INFO: [USF-XSim-11] File '/TOOLS/Xilinx/Vivado/2024.1/data/xsim/xsim.ini' copied to run dir:'/home/intern-2501/Mamba_SSM_Block/Mamba_SSM_Block.sim/sim_1/behav/xsim'
INFO: [SIM-utils-54] Inspecting design source files for 'testbench_fp16_wrapper' in fileset 'sim_1'...
INFO: [USF-XSim-97] Finding global include files...
INFO: [USF-XSim-98] Fetching design files from 'sim_1'...
INFO: [USF-XSim-2] XSim::Compile design
INFO: [USF-XSim-61] Executing 'COMPILE and ANALYZE' step in '/home/intern-2501/Mamba_SSM_Block/Mamba_SSM_Block.sim/sim_1/behav/xsim'
xvlog --incr --relax -prj testbench_fp16_wrapper_vlog.prj
INFO: [VRFC 10-2263] Analyzing Verilog file "/home/intern-2501/Mamba_SSM_Block/Mamba_SSM_Block.gen/sources_1/ip/floating_point_1/sim/floating_point_1.v" into library xil_defaultlib
INFO: [VRFC 10-311] analyzing module floating_point_1
INFO: [VRFC 10-2263] Analyzing Verilog file "/home/intern-2501/Mamba_SSM_Block/Mamba_SSM_Block.gen/sources_1/ip/floating_point_0/sim/floating_point_0.v" into library xil_defaultlib
INFO: [VRFC 10-311] analyzing module floating_point_0
INFO: [VRFC 10-2263] Analyzing Verilog file "/home/intern-2501/internship/Mamba/Mamba-2/mamba2-minimal/verilog/ver3/accumulator.v" into library xil_defaultlib
INFO: [VRFC 10-311] analyzing module accumulator
INFO: [VRFC 10-311] analyzing module fp16_adder_tree_128
INFO: [VRFC 10-2263] Analyzing Verilog file "/home/intern-2501/internship/Mamba/Mamba-2/mamba2-minimal/verilog/ver3/dAh.v" into library xil_defaultlib
INFO: [VRFC 10-311] analyzing module dAh
WARNING: [VRFC 10-8332] begin/end is required for generate-for in this mode of Verilog [/home/intern-2501/internship/Mamba/Mamba-2/mamba2-minimal/verilog/ver3/dAh.v:16]
INFO: [VRFC 10-2263] Analyzing Verilog file "/home/intern-2501/internship/Mamba/Mamba-2/mamba2-minimal/verilog/ver3/dAh_dBx_copy.v" into library xil_defaultlib
INFO: [VRFC 10-311] analyzing module dAh_dBx
INFO: [VRFC 10-2263] Analyzing Verilog file "/home/intern-2501/internship/Mamba/Mamba-2/mamba2-minimal/verilog/ver3/dx.v" into library xil_defaultlib
INFO: [VRFC 10-311] analyzing module dx
WARNING: [VRFC 10-8332] begin/end is required for generate-for in this mode of Verilog [/home/intern-2501/internship/Mamba/Mamba-2/mamba2-minimal/verilog/ver3/dx.v:26]
INFO: [VRFC 10-2263] Analyzing Verilog file "/home/intern-2501/internship/Mamba/Mamba-2/mamba2-minimal/verilog/ver3/dxB.v" into library xil_defaultlib
INFO: [VRFC 10-311] analyzing module dxB
INFO: [VRFC 10-2263] Analyzing Verilog file "/home/intern-2501/internship/Mamba/Mamba-2/mamba2-minimal/verilog/ver3/fp16_add_wrapper.v" into library xil_defaultlib
INFO: [VRFC 10-311] analyzing module fp16_add_wrapper
INFO: [VRFC 10-2263] Analyzing Verilog file "/home/intern-2501/internship/Mamba/Mamba-2/mamba2-minimal/verilog/ver3/fp16_mult_wrapper.v" into library xil_defaultlib
INFO: [VRFC 10-311] analyzing module fp16_mult_wrapper
INFO: [VRFC 10-2263] Analyzing Verilog file "/home/intern-2501/internship/Mamba/Mamba-2/mamba2-minimal/verilog/ver3/hC.v" into library xil_defaultlib
INFO: [VRFC 10-311] analyzing module hC
INFO: [VRFC 10-2263] Analyzing Verilog file "/home/intern-2501/internship/Mamba/Mamba-2/mamba2-minimal/verilog/ver3/packing.v" into library xil_defaultlib
INFO: [VRFC 10-311] analyzing module packing
INFO: [VRFC 10-2263] Analyzing Verilog file "/home/intern-2501/internship/Mamba/Mamba-2/mamba2-minimal/verilog/ver3/top.v" into library xil_defaultlib
INFO: [VRFC 10-311] analyzing module ssm_block_fp16_top
INFO: [VRFC 10-2263] Analyzing Verilog file "/home/intern-2501/internship/Mamba/Mamba-2/mamba2-minimal/verilog/ver3/xD.v" into library xil_defaultlib
INFO: [VRFC 10-311] analyzing module xD
INFO: [VRFC 10-2263] Analyzing Verilog file "/home/intern-2501/internship/Mamba/Mamba-2/mamba2-minimal/verilog/ver3/y_out.v" into library xil_defaultlib
INFO: [VRFC 10-311] analyzing module y_res
INFO: [VRFC 10-2263] Analyzing Verilog file "/home/intern-2501/internship/Mamba/Mamba-2/mamba2-minimal/verilog/ver3/tb_packing_server.v" into library xil_defaultlib
INFO: [VRFC 10-311] analyzing module testbench_fp16_wrapper
xvhdl --incr --relax -prj testbench_fp16_wrapper_vhdl.prj
Waiting for jobs to finish...
No pending jobs, compilation finished.
INFO: [USF-XSim-69] 'compile' step finished in '3' seconds
INFO: [USF-XSim-3] XSim::Elaborate design
INFO: [USF-XSim-61] Executing 'ELABORATE' step in '/home/intern-2501/Mamba_SSM_Block/Mamba_SSM_Block.sim/sim_1/behav/xsim'
xelab --incr --debug typical --relax --mt 8 -L xil_defaultlib -L xbip_utils_v3_0_13 -L axi_utils_v2_0_9 -L xbip_pipe_v3_0_9 -L xbip_dsp48_wrapper_v3_0_6 -L xbip_dsp48_addsub_v3_0_9 -L xbip_dsp48_multadd_v3_0_9 -L xbip_bram18k_v3_0_9 -L mult_gen_v12_0_21 -L floating_point_v7_1_18 -L unisims_ver -L unimacro_ver -L secureip -L xpm --snapshot testbench_fp16_wrapper_behav xil_defaultlib.testbench_fp16_wrapper xil_defaultlib.glbl -log elaborate.log
Vivado Simulator v2024.1
Copyright 1986-2022 Xilinx, Inc. All Rights Reserved.
Copyright 2022-2024 Advanced Micro Devices, Inc. All Rights Reserved.
Running: /TOOLS/Xilinx/Vivado/2024.1/bin/unwrapped/lnx64.o/xelab --incr --debug typical --relax --mt 8 -L xil_defaultlib -L xbip_utils_v3_0_13 -L axi_utils_v2_0_9 -L xbip_pipe_v3_0_9 -L xbip_dsp48_wrapper_v3_0_6 -L xbip_dsp48_addsub_v3_0_9 -L xbip_dsp48_multadd_v3_0_9 -L xbip_bram18k_v3_0_9 -L mult_gen_v12_0_21 -L floating_point_v7_1_18 -L unisims_ver -L unimacro_ver -L secureip -L xpm --snapshot testbench_fp16_wrapper_behav xil_defaultlib.testbench_fp16_wrapper xil_defaultlib.glbl -log elaborate.log 
Using 8 slave threads.
Starting static elaboration
Pass Through NonSizing Optimizer
WARNING: [VRFC 10-5021] port 's_axis_a_tlast' is not connected on this instance [/home/intern-2501/internship/Mamba/Mamba-2/mamba2-minimal/verilog/ver3/fp16_add_wrapper.v:9]
Completed static elaboration
Starting simulation data flow analysis
Completed simulation data flow analysis
Time Resolution for simulation is 1ps
Compiling package std.standard
Compiling package std.textio
Compiling package ieee.std_logic_1164
Compiling package floating_point_v7_1_18.floating_point_v7_1_18_viv_comp
Compiling package ieee.numeric_std
Compiling package xbip_utils_v3_0_13.xbip_utils_v3_0_13_pkg
Compiling package axi_utils_v2_0_9.axi_utils_v2_0_9_pkg
Compiling package floating_point_v7_1_18.floating_point_v7_1_18_consts
Compiling package ieee.math_real
Compiling package floating_point_v7_1_18.floating_point_v7_1_18_exp_table...
Compiling package mult_gen_v12_0_21.mult_gen_v12_0_21_pkg
Compiling package ieee.std_logic_arith
Compiling package ieee.std_logic_signed
Compiling package floating_point_v7_1_18.floating_point_v7_1_18_pkg
Compiling package floating_point_v7_1_18.flt_utils
Compiling package unisim.vcomponents
Compiling package mult_gen_v12_0_21.dsp_pkg
Compiling package ieee.vital_timing
Compiling package ieee.vital_primitives
Compiling package unisim.vpkg
Compiling package xbip_pipe_v3_0_9.xbip_pipe_v3_0_9_viv_comp
Compiling architecture synth of entity xbip_pipe_v3_0_9.xbip_pipe_v3_0_9_viv [\xbip_pipe_v3_0_9_viv(c_latency=...]
Compiling architecture rtl of entity floating_point_v7_1_18.delay [\delay(width=13,fast_input=true)...]
Compiling architecture synth of entity xbip_pipe_v3_0_9.xbip_pipe_v3_0_9_viv [\xbip_pipe_v3_0_9_viv(c_latency=...]
Compiling architecture rtl of entity floating_point_v7_1_18.delay [\delay(width=2,fast_input=true)\]
Compiling architecture xilinx of entity mult_gen_v12_0_21.delay_line [\delay_line(c_xdevicefamily="art...]
Compiling architecture xilinx of entity mult_gen_v12_0_21.delay_line [\delay_line(c_xdevicefamily="art...]
Compiling architecture dsp48e1_v of entity unisim.DSP48E1 [\DSP48E1(alumodereg=0,carryinreg...]
Compiling architecture xilinx of entity mult_gen_v12_0_21.delay_line [\delay_line(c_xdevicefamily="art...]
Compiling architecture xilinx of entity mult_gen_v12_0_21.delay_line [\delay_line(c_xdevicefamily="art...]
Compiling architecture xilinx of entity mult_gen_v12_0_21.op_resize [\op_resize(ai_width=11,bi_width=...]
Compiling architecture xilinx of entity mult_gen_v12_0_21.dsp [\dsp(c_xdevicefamily="artix7",c_...]
Compiling architecture xilinx of entity mult_gen_v12_0_21.mult_gen_v12_0_21_viv [\mult_gen_v12_0_21_viv(c_verbosi...]
Compiling architecture rtl of entity floating_point_v7_1_18.fix_mult_xx [\fix_mult_xx(c_xdevicefamily="ar...]
Compiling architecture rtl of entity floating_point_v7_1_18.fix_mult [\fix_mult(c_xdevicefamily="artix...]
Compiling architecture muxcy_v of entity unisim.MUXCY [muxcy_default]
Compiling architecture xorcy_v of entity unisim.XORCY [xorcy_default]
Compiling architecture fdre_v of entity unisim.FDRE [fdre_default]
Compiling architecture fde_v of entity unisim.FDE [fde_default]
Compiling architecture synth of entity xbip_pipe_v3_0_9.xbip_pipe_v3_0_9_viv [\xbip_pipe_v3_0_9_viv(c_has_ce=1...]
Compiling architecture rtl of entity floating_point_v7_1_18.delay [\delay(length=0)\]
Compiling architecture synth of entity xbip_pipe_v3_0_9.xbip_pipe_v3_0_9_viv [\xbip_pipe_v3_0_9_viv(c_latency=...]
Compiling architecture rtl of entity floating_point_v7_1_18.delay [\delay(width=4)\]
Compiling architecture synth of entity xbip_pipe_v3_0_9.xbip_pipe_v3_0_9_viv [\xbip_pipe_v3_0_9_viv(c_latency=...]
Compiling architecture rtl of entity floating_point_v7_1_18.delay [\delay(width=5,fast_input=true)\]
Compiling architecture struct of entity floating_point_v7_1_18.carry_chain [\carry_chain(c_xdevicefamily="ar...]
Compiling architecture synth of entity xbip_pipe_v3_0_9.xbip_pipe_v3_0_9_viv [\xbip_pipe_v3_0_9_viv(c_has_ce=1...]
Compiling architecture rtl of entity floating_point_v7_1_18.delay [\delay(width=16,length=0)\]
Compiling architecture synth of entity xbip_pipe_v3_0_9.xbip_pipe_v3_0_9_viv [\xbip_pipe_v3_0_9_viv(c_has_ce=1...]
Compiling architecture rtl of entity floating_point_v7_1_18.delay [\delay(width=2,length=0)\]
Compiling architecture struct of entity floating_point_v7_1_18.carry_chain [\carry_chain(c_xdevicefamily="ar...]
Compiling architecture synth of entity floating_point_v7_1_18.compare_eq_im [\compare_eq_im(c_xdevicefamily="...]
Compiling architecture synth of entity xbip_pipe_v3_0_9.xbip_pipe_v3_0_9_viv [\xbip_pipe_v3_0_9_viv(c_latency=...]
Compiling architecture rtl of entity floating_point_v7_1_18.delay [\delay(fast_input=true)\]
Compiling architecture rtl of entity floating_point_v7_1_18.special_detect [\special_detect(c_xdevicefamily=...]
Compiling architecture synth of entity xbip_pipe_v3_0_9.xbip_pipe_v3_0_9_viv [\xbip_pipe_v3_0_9_viv(c_latency=...]
Compiling architecture rtl of entity floating_point_v7_1_18.delay [delay_default]
Compiling architecture synth of entity xbip_pipe_v3_0_9.xbip_pipe_v3_0_9_viv [\xbip_pipe_v3_0_9_viv(c_latency=...]
Compiling architecture rtl of entity floating_point_v7_1_18.delay [\delay(length=3)\]
Compiling architecture synth of entity xbip_pipe_v3_0_9.xbip_pipe_v3_0_9_viv [\xbip_pipe_v3_0_9_viv(c_latency=...]
Compiling architecture rtl of entity floating_point_v7_1_18.delay [\delay(width=2,length=3,fast_inp...]
Compiling architecture synth of entity xbip_pipe_v3_0_9.xbip_pipe_v3_0_9_viv [\xbip_pipe_v3_0_9_viv(c_latency=...]
Compiling architecture rtl of entity floating_point_v7_1_18.delay [\delay(length=3,fast_input=true)...]
Compiling architecture synth of entity xbip_pipe_v3_0_9.xbip_pipe_v3_0_9_viv [\xbip_pipe_v3_0_9_viv(c_latency=...]
Compiling architecture rtl of entity floating_point_v7_1_18.delay [\delay(length=4,fast_input=true)...]
Compiling architecture synth of entity xbip_pipe_v3_0_9.xbip_pipe_v3_0_9_viv [\xbip_pipe_v3_0_9_viv(c_latency=...]
Compiling architecture rtl of entity floating_point_v7_1_18.delay [\delay(width=4,length=3,fast_inp...]
Compiling architecture synth of entity xbip_pipe_v3_0_9.xbip_pipe_v3_0_9_viv [\xbip_pipe_v3_0_9_viv(c_latency=...]
Compiling architecture rtl of entity floating_point_v7_1_18.delay [\delay(width=5,length=3)\]
Compiling architecture synth of entity xbip_pipe_v3_0_9.xbip_pipe_v3_0_9_viv [\xbip_pipe_v3_0_9_viv(c_has_ce=1...]
Compiling architecture rtl of entity floating_point_v7_1_18.delay [\delay(width=3,length=0,fast_inp...]
Compiling architecture synth of entity xbip_pipe_v3_0_9.xbip_pipe_v3_0_9_viv [\xbip_pipe_v3_0_9_viv(c_latency=...]
Compiling architecture rtl of entity floating_point_v7_1_18.delay [\delay(width=4,fast_input=true)\]
Compiling architecture synth of entity xbip_pipe_v3_0_9.xbip_pipe_v3_0_9_viv [\xbip_pipe_v3_0_9_viv(c_has_ce=1...]
Compiling architecture rtl of entity floating_point_v7_1_18.delay [\delay(length=0,fast_input=true)...]
Compiling architecture synth of entity xbip_pipe_v3_0_9.xbip_pipe_v3_0_9_viv [\xbip_pipe_v3_0_9_viv(c_latency=...]
Compiling architecture rtl of entity floating_point_v7_1_18.delay [\delay(width=14)\]
Compiling architecture rtl of entity floating_point_v7_1_18.flt_mult_exp [\flt_mult_exp(c_xdevicefamily="a...]
Compiling architecture synth of entity xbip_pipe_v3_0_9.xbip_pipe_v3_0_9_viv [\xbip_pipe_v3_0_9_viv(c_latency=...]
Compiling architecture rtl of entity floating_point_v7_1_18.delay [\delay(width=5)\]
Compiling architecture synth of entity xbip_pipe_v3_0_9.xbip_pipe_v3_0_9_viv [\xbip_pipe_v3_0_9_viv(c_has_ce=1...]
Compiling architecture rtl of entity floating_point_v7_1_18.delay [\delay(width=5,length=0)\]
Compiling architecture synth of entity xbip_pipe_v3_0_9.xbip_pipe_v3_0_9_viv [\xbip_pipe_v3_0_9_viv(c_has_ce=1...]
Compiling architecture rtl of entity floating_point_v7_1_18.delay [\delay(width=4,length=0)\]
Compiling architecture struct of entity floating_point_v7_1_18.carry_chain [\carry_chain(c_xdevicefamily="ar...]
Compiling architecture synth of entity xbip_pipe_v3_0_9.xbip_pipe_v3_0_9_viv [\xbip_pipe_v3_0_9_viv(c_latency=...]
Compiling architecture rtl of entity floating_point_v7_1_18.delay [\delay(width=6,fast_input=true)\]
Compiling architecture struct of entity floating_point_v7_1_18.carry_chain [\carry_chain(c_xdevicefamily="ar...]
Compiling architecture struct of entity floating_point_v7_1_18.carry_chain [\carry_chain(c_xdevicefamily="ar...]
Compiling architecture synth of entity xbip_pipe_v3_0_9.xbip_pipe_v3_0_9_viv [\xbip_pipe_v3_0_9_viv(c_has_ce=1...]
Compiling architecture rtl of entity floating_point_v7_1_18.delay [\delay(width=7,length=0)\]
Compiling architecture synth of entity xbip_pipe_v3_0_9.xbip_pipe_v3_0_9_viv [\xbip_pipe_v3_0_9_viv(c_has_ce=1...]
Compiling architecture rtl of entity floating_point_v7_1_18.delay [\delay(width=8,length=0)\]
Compiling architecture synth of entity xbip_pipe_v3_0_9.xbip_pipe_v3_0_9_viv [\xbip_pipe_v3_0_9_viv(c_has_ce=1...]
Compiling architecture rtl of entity floating_point_v7_1_18.delay [\delay(width=12,length=0,fast_in...]
Compiling architecture synth of entity xbip_pipe_v3_0_9.xbip_pipe_v3_0_9_viv [\xbip_pipe_v3_0_9_viv(c_has_ce=1...]
Compiling architecture rtl of entity floating_point_v7_1_18.delay [\delay(width=3,length=0)\]
Compiling architecture synth of entity xbip_pipe_v3_0_9.xbip_pipe_v3_0_9_viv [\xbip_pipe_v3_0_9_viv(c_has_ce=1...]
Compiling architecture rtl of entity floating_point_v7_1_18.delay [\delay(width=2,length=0,fast_inp...]
Compiling architecture struct of entity floating_point_v7_1_18.carry_chain [\carry_chain(c_xdevicefamily="ar...]
Compiling architecture rtl of entity floating_point_v7_1_18.flt_round_bit [\flt_round_bit(c_xdevicefamily="...]
Compiling architecture rtl of entity floating_point_v7_1_18.renorm_and_round_logic [\renorm_and_round_logic(c_xdevic...]
Compiling architecture rtl of entity floating_point_v7_1_18.flt_mult_round [\flt_mult_round(c_xdevicefamily=...]
Compiling architecture synth of entity floating_point_v7_1_18.flt_dec_op_lat [\flt_dec_op_lat(c_xdevicefamily=...]
Compiling architecture rtl of entity floating_point_v7_1_18.flt_mult [\flt_mult(c_xdevicefamily="artix...]
Compiling module unisims_ver.x_lut1_mux2
Compiling module unisims_ver.LUT1
Compiling architecture synth of entity xbip_pipe_v3_0_9.xbip_pipe_v3_0_9_viv [\xbip_pipe_v3_0_9_viv(c_latency=...]
Compiling architecture xilinx of entity floating_point_v7_1_18.floating_point_v7_1_18_viv [\floating_point_v7_1_18_viv(c_xd...]
Compiling architecture xilinx of entity floating_point_v7_1_18.floating_point_v7_1_18 [\floating_point_v7_1_18(c_xdevic...]
Compiling module xil_defaultlib.floating_point_0
Compiling module xil_defaultlib.fp16_mult_wrapper
Compiling module xil_defaultlib.dx(H=12,P=16)
Compiling module xil_defaultlib.dxB(H=12,P=16,N=128)
Compiling module xil_defaultlib.dAh(H=12,P=16,N=128)
Compiling architecture synth of entity xbip_pipe_v3_0_9.xbip_pipe_v3_0_9_viv [\xbip_pipe_v3_0_9_viv(c_latency=...]
Compiling architecture rtl of entity floating_point_v7_1_18.delay [\delay(length=11)\]
Compiling architecture synth of entity xbip_pipe_v3_0_9.xbip_pipe_v3_0_9_viv [\xbip_pipe_v3_0_9_viv(c_latency=...]
Compiling architecture rtl of entity floating_point_v7_1_18.delay [\delay(width=11,length=2,fast_in...]
Compiling architecture synth of entity xbip_pipe_v3_0_9.xbip_pipe_v3_0_9_viv [\xbip_pipe_v3_0_9_viv(c_latency=...]
Compiling architecture rtl of entity floating_point_v7_1_18.delay [\delay(width=16)\]
Compiling architecture synth of entity xbip_pipe_v3_0_9.xbip_pipe_v3_0_9_viv [\xbip_pipe_v3_0_9_viv(c_latency=...]
Compiling architecture rtl of entity floating_point_v7_1_18.delay [\delay(length=2)\]
Compiling architecture dsp48e1_v of entity unisim.DSP48E1 [\DSP48E1(mask="11111111111111111...]
Compiling architecture synth of entity xbip_pipe_v3_0_9.xbip_pipe_v3_0_9_viv [\xbip_pipe_v3_0_9_viv(c_has_ce=1...]
Compiling architecture rtl of entity floating_point_v7_1_18.delay [\delay(width=48,length=0)\]
Compiling architecture synth of entity xbip_pipe_v3_0_9.xbip_pipe_v3_0_9_viv [\xbip_pipe_v3_0_9_viv(c_has_ce=1...]
Compiling architecture rtl of entity floating_point_v7_1_18.delay [\delay(width=11,length=0)\]
Compiling architecture rtl of entity floating_point_v7_1_18.dsp48e1_wrapper [\dsp48e1_wrapper(c_part="xc7a75t...]
Compiling architecture synth of entity xbip_pipe_v3_0_9.xbip_pipe_v3_0_9_viv [\xbip_pipe_v3_0_9_viv(c_has_ce=1...]
Compiling architecture rtl of entity floating_point_v7_1_18.delay [\delay(width=14,length=0)\]
Compiling architecture synth of entity floating_point_v7_1_18.align_add_dsp48e1_hp [\align_add_dsp48e1_hp(c_xdevicef...]
Compiling architecture lut6_v of entity unisim.LUT6 [\LUT6(init="11111110010101001011...]
Compiling architecture lut5_v of entity unisim.LUT5 [\LUT5(init="00010001010111110000...]
Compiling architecture lut5_v of entity unisim.LUT5 [\LUT5(init="11101110101000001111...]
Compiling architecture lut5_v of entity unisim.LUT5 [\LUT5(init="00000000000000001111...]
Compiling architecture lut5_v of entity unisim.LUT5 [\LUT5(init="00000000000000000000...]
Compiling architecture lut5_v of entity unisim.LUT5 [\LUT5(init="00000000000000000000...]
Compiling architecture lut5_v of entity unisim.LUT5 [\LUT5(init="00000000000000000000...]
Compiling architecture rtl of entity floating_point_v7_1_18.lead_zero_encode_shift_hp [\lead_zero_encode_shift_hp(regis...]
Compiling architecture synth of entity xbip_pipe_v3_0_9.xbip_pipe_v3_0_9_viv [\xbip_pipe_v3_0_9_viv(c_latency=...]
Compiling architecture rtl of entity floating_point_v7_1_18.delay [\delay(width=14,length=2)\]
Compiling architecture synth of entity xbip_pipe_v3_0_9.xbip_pipe_v3_0_9_viv [\xbip_pipe_v3_0_9_viv(c_latency=...]
Compiling architecture rtl of entity floating_point_v7_1_18.delay [\delay(width=2)\]
Compiling architecture rtl of entity floating_point_v7_1_18.shift_msb_first [\shift_msb_first(a_width=14,resu...]
Compiling architecture synth of entity xbip_pipe_v3_0_9.xbip_pipe_v3_0_9_viv [\xbip_pipe_v3_0_9_viv(c_latency=...]
Compiling architecture rtl of entity floating_point_v7_1_18.delay [\delay(width=48)\]
Compiling architecture synth of entity xbip_pipe_v3_0_9.xbip_pipe_v3_0_9_viv [\xbip_pipe_v3_0_9_viv(c_latency=...]
Compiling architecture rtl of entity floating_point_v7_1_18.delay [\delay(width=19)\]
Compiling architecture rtl of entity floating_point_v7_1_18.norm_and_round_dsp48e1_hp [\norm_and_round_dsp48e1_hp(c_xde...]
Compiling architecture lut5_v of entity unisim.LUT5 [\LUT5(init="10011001100110011001...]
Compiling architecture lut5_v of entity unisim.LUT5 [\LUT5(init="11111111000000001111...]
Compiling architecture synth of entity xbip_pipe_v3_0_9.xbip_pipe_v3_0_9_viv [\xbip_pipe_v3_0_9_viv(c_has_ce=1...]
Compiling architecture rtl of entity floating_point_v7_1_18.delay [\delay(width=6,length=0)\]
Compiling architecture struct of entity floating_point_v7_1_18.carry_chain [\carry_chain(c_xdevicefamily="ar...]
Compiling architecture synth of entity xbip_pipe_v3_0_9.xbip_pipe_v3_0_9_viv [\xbip_pipe_v3_0_9_viv(c_latency=...]
Compiling architecture rtl of entity floating_point_v7_1_18.delay [\delay(width=6)\]
Compiling architecture synth of entity xbip_pipe_v3_0_9.xbip_pipe_v3_0_9_viv [\xbip_pipe_v3_0_9_viv(c_latency=...]
Compiling architecture rtl of entity floating_point_v7_1_18.delay [\delay(width=6,length=5)\]
Compiling architecture lut6_2_v of entity unisim.LUT6_2 [\LUT6_2(init="000011111111000011...]
Compiling architecture lut6_2_v of entity unisim.LUT6_2 [\LUT6_2(init="111010111011111010...]
Compiling architecture lut6_2_v of entity unisim.LUT6_2 [\LUT6_2(init="111111111111000000...]
Compiling architecture xilinx of entity mult_gen_v12_0_21.three_input_adder [\three_input_adder(c_a_width=7,c...]
Compiling architecture synth of entity xbip_pipe_v3_0_9.xbip_pipe_v3_0_9_viv [\xbip_pipe_v3_0_9_viv(c_latency=...]
Compiling architecture rtl of entity floating_point_v7_1_18.delay [\delay(width=7)\]
Compiling architecture struct of entity floating_point_v7_1_18.carry_chain [\carry_chain(c_xdevicefamily="ar...]
Compiling architecture synth of entity floating_point_v7_1_18.compare_gt [\compare_gt(c_xdevicefamily="art...]
Compiling architecture synth of entity floating_point_v7_1_18.compare [\compare(c_xdevicefamily="artix7...]
Compiling architecture synth of entity xbip_pipe_v3_0_9.xbip_pipe_v3_0_9_viv [\xbip_pipe_v3_0_9_viv(c_latency=...]
Compiling architecture rtl of entity floating_point_v7_1_18.delay [\delay(width=2,length=8,fast_inp...]
Compiling architecture synth of entity xbip_pipe_v3_0_9.xbip_pipe_v3_0_9_viv [\xbip_pipe_v3_0_9_viv(c_latency=...]
Compiling architecture rtl of entity floating_point_v7_1_18.delay [\delay(length=9,fast_input=true)...]
Compiling architecture synth of entity xbip_pipe_v3_0_9.xbip_pipe_v3_0_9_viv [\xbip_pipe_v3_0_9_viv(c_latency=...]
Compiling architecture rtl of entity floating_point_v7_1_18.delay [\delay(length=8,fast_input=true)...]
Compiling architecture synth of entity xbip_pipe_v3_0_9.xbip_pipe_v3_0_9_viv [\xbip_pipe_v3_0_9_viv(c_latency=...]
Compiling architecture rtl of entity floating_point_v7_1_18.delay [\delay(width=12)\]
Compiling architecture rtl of entity floating_point_v7_1_18.flt_add_exp_hp [\flt_add_exp_hp(c_xdevicefamily=...]
Compiling architecture synth of entity xbip_pipe_v3_0_9.xbip_pipe_v3_0_9_viv [\xbip_pipe_v3_0_9_viv(c_latency=...]
Compiling architecture rtl of entity floating_point_v7_1_18.delay [\delay(width=10)\]
Compiling architecture synth of entity floating_point_v7_1_18.flt_dec_op [\flt_dec_op(c_xdevicefamily="art...]
Compiling architecture rtl of entity floating_point_v7_1_18.flt_add_dsp [\flt_add_dsp(c_xdevicefamily="ar...]
Compiling architecture rtl of entity floating_point_v7_1_18.flt_add [\flt_add(c_xdevicefamily="artix7...]
Compiling architecture synth of entity xbip_pipe_v3_0_9.xbip_pipe_v3_0_9_viv [\xbip_pipe_v3_0_9_viv(c_latency=...]
Compiling architecture xilinx of entity floating_point_v7_1_18.floating_point_v7_1_18_viv [\floating_point_v7_1_18_viv(c_xd...]
Compiling architecture xilinx of entity floating_point_v7_1_18.floating_point_v7_1_18 [\floating_point_v7_1_18(c_xdevic...]
Compiling module xil_defaultlib.floating_point_1
Compiling module xil_defaultlib.fp16_add_wrapper
Compiling module xil_defaultlib.dAh_dBx(H=12,P=16,N=128)
Compiling module xil_defaultlib.hC(H=12,P=16,N=128)
Compiling module xil_defaultlib.fp16_adder_tree_128_default
Compiling module xil_defaultlib.accumulator(H=12,P=16)
Compiling module xil_defaultlib.xD(H=12,P=16)
Compiling module xil_defaultlib.y_res(H=12,P=16)
Compiling module xil_defaultlib.ssm_block_fp16_top(H=12,P=16,N=1...
Compiling module xil_defaultlib.packing(H=24,P=64,N=128,H_tile=1...
Compiling module xil_defaultlib.testbench_fp16_wrapper
Compiling module xil_defaultlib.glbl
Built simulation snapshot testbench_fp16_wrapper_behav
execute_script: Time (s): cpu = 00:11:24 ; elapsed = 00:03:48 . Memory (MB): peak = 8768.281 ; gain = 1.930 ; free physical = 263905 ; free virtual = 472064
INFO: [USF-XSim-69] 'elaborate' step finished in '228' seconds
INFO: [USF-XSim-4] XSim::Simulate design
INFO: [USF-XSim-61] Executing 'SIMULATE' step in '/home/intern-2501/Mamba_SSM_Block/Mamba_SSM_Block.sim/sim_1/behav/xsim'
INFO: [USF-XSim-98] *** Running xsim
   with args "testbench_fp16_wrapper_behav -key {Behavioral:sim_1:Functional:testbench_fp16_wrapper} -tclbatch {testbench_fp16_wrapper.tcl} -log {simulate.log}"
INFO: [USF-XSim-8] Loading simulator feature
Time resolution is 1 ps
source testbench_fp16_wrapper.tcl
# set curr_wave [current_wave_config]
# if { [string length $curr_wave] == 0 } {
#   if { [llength [get_objects]] > 0} {
#     add_wave /
#     set_property needs_save false [current_wave_config]
#   } else {
#      send_msg_id Add_Wave-1 WARNING "No top level signals found. Simulator will start without a wave window. If you want to open a wave window go to 'File->New Waveform Configuration' or type 'create_wave_config' in the TCL console."
#   }
# }
WARNING: [Wavedata 42-489] Can't add object "/testbench_fp16_wrapper/h_prev_flat" to the wave window because it has 3145728 bits, which exceeds the display limit of 65536 bits.  To change the display limit, use the command "set_property display_limit <new limit> [current_wave_config]".
WARNING: [Wavedata 42-489] Can't add object "/testbench_fp16_wrapper/h_prev_mem" to the wave window because it has 3145728 bits, which exceeds the display limit of 65536 bits.  To change the display limit, use the command "set_property display_limit <new limit> [current_wave_config]".
# run 1000ns
==== FP16 SSM Block Full Wrapper Testbench ====
xsim: Time (s): cpu = 00:00:14 ; elapsed = 00:00:07 . Memory (MB): peak = 9033.852 ; gain = 218.348 ; free physical = 263437 ; free virtual = 471635
INFO: [USF-XSim-96] XSim completed. Design snapshot 'testbench_fp16_wrapper_behav' loaded.
INFO: [USF-XSim-97] XSim simulation ran for 1000ns
launch_simulation: Time (s): cpu = 00:11:45 ; elapsed = 00:03:59 . Memory (MB): peak = 9033.852 ; gain = 267.500 ; free physical = 263437 ; free virtual = 471635
run all
run: Time (s): cpu = 00:00:06 ; elapsed = 00:00:25 . Memory (MB): peak = 9079.840 ; gain = 45.988 ; free physical = 263568 ; free virtual = 471584
save_wave_config {/home/intern-2501/Mamba_SSM_Block/testbench_fp16_wrapper_behav.wcfg}
add_files -fileset sim_1 -norecurse /home/intern-2501/Mamba_SSM_Block/testbench_fp16_wrapper_behav.wcfg
set_property xsim.view /home/intern-2501/Mamba_SSM_Block/testbench_fp16_wrapper_behav.wcfg [get_filesets sim_1]
WARNING: [filemgmt 56-199] Attempt to get parsing info during refresh. "On-the-fly" syntax checking information may be incorrect. [/home/intern-2501/internship/Mamba/Mamba-2/mamba2-minimal/verilog/ver3/top.v:]
WARNING: [filemgmt 56-199] Attempt to get parsing info during refresh. "On-the-fly" syntax checking information may be incorrect. [/home/intern-2501/internship/Mamba/Mamba-2/mamba2-minimal/verilog/ver3/accumulator.v:]
WARNING: [filemgmt 56-199] Attempt to get parsing info during refresh. "On-the-fly" syntax checking information may be incorrect. [/home/intern-2501/internship/Mamba/Mamba-2/mamba2-minimal/verilog/ver3/top.v:]
WARNING: [filemgmt 56-199] Attempt to get parsing info during refresh. "On-the-fly" syntax checking information may be incorrect. [/home/intern-2501/internship/Mamba/Mamba-2/mamba2-minimal/verilog/ver3/top.v:]
run all
✅ Wrapper done. Writing result...
✅ Output saved. Simulation completed.
$finish called at time : 397895 ns : File "/home/intern-2501/internship/Mamba/Mamba-2/mamba2-minimal/verilog/ver3/tb_packing_server.v" Line 95
run: Time (s): cpu = 00:00:35 ; elapsed = 00:03:13 . Memory (MB): peak = 9199.832 ; gain = 90.977 ; free physical = 263575 ; free virtual = 471464
save_wave_config {/home/intern-2501/Mamba_SSM_Block/testbench_fp16_wrapper_behav.wcfg}
WARNING: [filemgmt 56-199] Attempt to get parsing info during refresh. "On-the-fly" syntax checking information may be incorrect. [/home/intern-2501/internship/Mamba/Mamba-2/mamba2-minimal/verilog/ver3/tb_packing_server.v:]
WARNING: [filemgmt 56-199] Attempt to get parsing info during refresh. "On-the-fly" syntax checking information may be incorrect. [/home/intern-2501/internship/Mamba/Mamba-2/mamba2-minimal/verilog/ver3/top.v:]
WARNING: [filemgmt 56-199] Attempt to get parsing info during refresh. "On-the-fly" syntax checking information may be incorrect. [/home/intern-2501/internship/Mamba/Mamba-2/mamba2-minimal/verilog/ver3/accumulator.v:]
WARNING: [filemgmt 56-199] Attempt to get parsing info during refresh. "On-the-fly" syntax checking information may be incorrect. [/home/intern-2501/internship/Mamba/Mamba-2/mamba2-minimal/verilog/ver3/top.v:]
WARNING: [filemgmt 56-199] Attempt to get parsing info during refresh. "On-the-fly" syntax checking information may be incorrect. [/home/intern-2501/internship/Mamba/Mamba-2/mamba2-minimal/verilog/ver3/top.v:]
WARNING: [filemgmt 56-199] Attempt to get parsing info during refresh. "On-the-fly" syntax checking information may be incorrect. [/home/intern-2501/internship/Mamba/Mamba-2/mamba2-minimal/verilog/ver3/tb_packing_server.v:]
WARNING: [filemgmt 56-199] Attempt to get parsing info during refresh. "On-the-fly" syntax checking information may be incorrect. [/home/intern-2501/internship/Mamba/Mamba-2/mamba2-minimal/verilog/ver3/top.v:]
WARNING: [filemgmt 56-199] Attempt to get parsing info during refresh. "On-the-fly" syntax checking information may be incorrect. [/home/intern-2501/internship/Mamba/Mamba-2/mamba2-minimal/verilog/ver3/accumulator.v:]
WARNING: [filemgmt 56-199] Attempt to get parsing info during refresh. "On-the-fly" syntax checking information may be incorrect. [/home/intern-2501/internship/Mamba/Mamba-2/mamba2-minimal/verilog/ver3/tb_packing_server.v:]
WARNING: [filemgmt 56-199] Attempt to get parsing info during refresh. "On-the-fly" syntax checking information may be incorrect. [/home/intern-2501/internship/Mamba/Mamba-2/mamba2-minimal/verilog/ver3/tb_packing_server.v:]
add_files -norecurse -scan_for_includes /home/intern-2501/internship/Mamba/Mamba-2/mamba2-minimal/verilog/intermediate_datas/0_y_out.hex
WARNING: [filemgmt 56-199] Attempt to get parsing info during refresh. "On-the-fly" syntax checking information may be incorrect. [/home/intern-2501/internship/Mamba/Mamba-2/mamba2-minimal/verilog/ver3/tb_packing_server.v:]
WARNING: [filemgmt 56-199] Attempt to get parsing info during refresh. "On-the-fly" syntax checking information may be incorrect. [/home/intern-2501/internship/Mamba/Mamba-2/mamba2-minimal/verilog/ver3/top.v:]
WARNING: [filemgmt 56-199] Attempt to get parsing info during refresh. "On-the-fly" syntax checking information may be incorrect. [/home/intern-2501/internship/Mamba/Mamba-2/mamba2-minimal/verilog/ver3/accumulator.v:]
WARNING: [filemgmt 56-199] Attempt to get parsing info during refresh. "On-the-fly" syntax checking information may be incorrect. [/home/intern-2501/internship/Mamba/Mamba-2/mamba2-minimal/verilog/ver3/accumulator.v:]
WARNING: [filemgmt 56-199] Attempt to get parsing info during refresh. "On-the-fly" syntax checking information may be incorrect. [/home/intern-2501/internship/Mamba/Mamba-2/mamba2-minimal/verilog/ver3/accumulator.v:]
close_sim
INFO: xsimkernel Simulation Memory Usage: 400140 KB (Peak: 429836 KB), Simulation CPU Usage: 218220 ms
INFO: [Simtcl 6-16] Simulation closed
exit
INFO: [Common 17-206] Exiting Vivado at Wed Aug  6 17:22:57 2025...
