#-----------------------------------------------------------
# Vivado v2024.1 (64-bit)
# SW Build 5076996 on Wed May 22 18:36:09 MDT 2024
# IP Build 5075265 on Wed May 22 21:45:21 MDT 2024
# SharedData Build 5076995 on Wed May 22 18:29:18 MDT 2024
# Start of session at: Tue Sep 23 10:45:52 2025
# Process ID: 713151
# Current directory: /home/intern-2501/internship
# Command line: vivado
# Log file: /home/intern-2501/internship/vivado.log
# Journal file: /home/intern-2501/internship/vivado.jou
# Running On        :broccoli
# Platform          :RedHatEnterprise
# Operating System  :Red Hat Enterprise Linux release 8.10 (Ootpa)
# Processor Detail  :Intel(R) Xeon(R) Gold 6242R CPU @ 3.10GHz
# CPU Frequency     :3800.003 MHz
# CPU Physical cores:40
# CPU Logical cores :80
# Host memory       :539818 MB
# Swap memory       :4294 MB
# Total Virtual     :544113 MB
# Available Virtual :500579 MB
#-----------------------------------------------------------
start_gui
WARNING: [Board 49-26] cannot add Board Part xilinx.com:au280:part0:1.2 available at /TOOLS/Xilinx/Vivado/2024.1/data/xhub/boards/XilinxBoardStore/boards/Xilinx/au280/1.2/board.xml as part xcu280-fsvh2892-2l-e specified in board_part file is either invalid or not available
WARNING: [Board 49-26] cannot add Board Part xilinx.com:vek280_es:part0:1.0 available at /TOOLS/Xilinx/Vivado/2024.1/data/xhub/boards/XilinxBoardStore/boards/Xilinx/vek280/es/rev_a/1.0/board.xml as part xcve2802-vsvh1760-2lp-e-s-es1 specified in board_part file is either invalid or not available
WARNING: [Board 49-26] cannot add Board Part xilinx.com:vek280_es:part0:1.1 available at /TOOLS/Xilinx/Vivado/2024.1/data/xhub/boards/XilinxBoardStore/boards/Xilinx/vek280/es/rev_a/1.1/board.xml as part xcve2802-vsvh1760-2lp-e-s-es1 specified in board_part file is either invalid or not available
WARNING: [Board 49-26] cannot add Board Part xilinx.com:vek280_es_revb:part0:1.0 available at /TOOLS/Xilinx/Vivado/2024.1/data/xhub/boards/XilinxBoardStore/boards/Xilinx/vek280/es/rev_b/1.0/board.xml as part xcve2802-vsvh1760-2mp-e-s-es1 specified in board_part file is either invalid or not available
WARNING: [Board 49-26] cannot add Board Part xilinx.com:vek280_es_revb:part0:1.1 available at /TOOLS/Xilinx/Vivado/2024.1/data/xhub/boards/XilinxBoardStore/boards/Xilinx/vek280/es/rev_b/1.1/board.xml as part xcve2802-vsvh1760-2mp-e-s-es1 specified in board_part file is either invalid or not available
WARNING: [Board 49-26] cannot add Board Part xilinx.com:vhk158_es:part0:1.0 available at /TOOLS/Xilinx/Vivado/2024.1/data/xhub/boards/XilinxBoardStore/boards/Xilinx/vhk158/es/1.0/board.xml as part xcvh1582-vsva3697-2mp-e-s-es1 specified in board_part file is either invalid or not available
WARNING: [Board 49-26] cannot add Board Part xilinx.com:vhk158_es:part0:1.1 available at /TOOLS/Xilinx/Vivado/2024.1/data/xhub/boards/XilinxBoardStore/boards/Xilinx/vhk158/es/1.1/board.xml as part xcvh1582-vsva3697-2mp-e-s-es1 specified in board_part file is either invalid or not available
WARNING: [Board 49-26] cannot add Board Part xilinx.com:zcu208ld:part0:2.0 available at /TOOLS/Xilinx/Vivado/2024.1/data/xhub/boards/XilinxBoardStore/boards/Xilinx/zcu208ld/production/2.0/board.xml as part xczu58dr-fsvg1517-2-i specified in board_part file is either invalid or not available
WARNING: [Board 49-26] cannot add Board Part xilinx.com:zcu216ld:part0:2.0 available at /TOOLS/Xilinx/Vivado/2024.1/data/xhub/boards/XilinxBoardStore/boards/Xilinx/zcu216ld/production/2.0/board.xml as part xczu59dr-ffvf1760-2-i specified in board_part file is either invalid or not available
WARNING: [Board 49-26] cannot add Board Part xilinx.com:zcu670ld:part0:1.0 available at /TOOLS/Xilinx/Vivado/2024.1/data/xhub/boards/XilinxBoardStore/boards/Xilinx/zcu670ld/1.0/board.xml as part xczu57dr-fsve1156-2-i specified in board_part file is either invalid or not available
open_project /home/intern-2501/AXI_DMA_test/AXI_DMA_test.xpr
Scanning sources...
Finished scanning sources
INFO: [IP_Flow 19-234] Refreshing IP repositories
INFO: [IP_Flow 19-1704] No user IP repositories specified
INFO: [IP_Flow 19-2313] Loaded Vivado IP repository '/TOOLS/Xilinx/Vivado/2024.1/data/ip'.
update_compile_order -fileset sources_1
launch_simulation
Command: launch_simulation 
INFO: [Vivado 12-12493] Simulation top is 'tb_top_dma_path'
INFO: [Vivado 12-5698] Checking validity of IPs in the design for the 'XSim' simulator...
INFO: [Vivado 12-5682] Launching behavioral simulation in '/home/intern-2501/AXI_DMA_test/AXI_DMA_test.sim/sim_1/behav/xsim'
INFO: [Vivado 12-4795] Using compiled simulation libraries for IPs
INFO: [SIM-utils-51] Simulation object is 'sim_1'
INFO: [SIM-utils-72] Using boost library from '/TOOLS/Xilinx/Vivado/2024.1/tps/boost_1_72_0'
INFO: [USF-XSim-7] Finding pre-compiled libraries...
INFO: [USF-XSim-11] File '/TOOLS/Xilinx/Vivado/2024.1/data/xsim/xsim.ini' copied to run dir:'/home/intern-2501/AXI_DMA_test/AXI_DMA_test.sim/sim_1/behav/xsim'
INFO: [SIM-utils-54] Inspecting design source files for 'tb_top_dma_path' in fileset 'sim_1'...
INFO: [USF-XSim-97] Finding global include files...
INFO: [USF-XSim-98] Fetching design files from 'sim_1'...
INFO: [USF-XSim-2] XSim::Compile design
INFO: [USF-XSim-61] Executing 'COMPILE and ANALYZE' step in '/home/intern-2501/AXI_DMA_test/AXI_DMA_test.sim/sim_1/behav/xsim'
xvlog --incr --relax -prj tb_top_dma_path_vlog.prj
INFO: [VRFC 10-2263] Analyzing Verilog file "/home/intern-2501/AXI_DMA_test/AXI_DMA_test.gen/sources_1/ip/floating_point_0/sim/floating_point_0.v" into library xil_defaultlib
INFO: [VRFC 10-311] analyzing module floating_point_0
INFO: [VRFC 10-2263] Analyzing Verilog file "/home/intern-2501/AXI_DMA_test/fp16_add_wrapper.v" into library xil_defaultlib
INFO: [VRFC 10-311] analyzing module fp16_add_wrapper
xvhdl --incr --relax -prj tb_top_dma_path_vhdl.prj
Waiting for jobs to finish...
No pending jobs, compilation finished.
INFO: [USF-XSim-69] 'compile' step finished in '3' seconds
INFO: [USF-XSim-3] XSim::Elaborate design
INFO: [USF-XSim-61] Executing 'ELABORATE' step in '/home/intern-2501/AXI_DMA_test/AXI_DMA_test.sim/sim_1/behav/xsim'
xelab --incr --debug typical --relax --mt 8 -L xil_defaultlib -L xbip_utils_v3_0_13 -L axi_utils_v2_0_9 -L xbip_pipe_v3_0_9 -L xbip_dsp48_wrapper_v3_0_6 -L xbip_dsp48_addsub_v3_0_9 -L xbip_dsp48_multadd_v3_0_9 -L xbip_bram18k_v3_0_9 -L mult_gen_v12_0_21 -L floating_point_v7_1_18 -L unisims_ver -L unimacro_ver -L secureip -L xpm --snapshot tb_top_dma_path_behav xil_defaultlib.tb_top_dma_path xil_defaultlib.glbl -log elaborate.log
Vivado Simulator v2024.1
Copyright 1986-2022 Xilinx, Inc. All Rights Reserved.
Copyright 2022-2024 Advanced Micro Devices, Inc. All Rights Reserved.
Running: /TOOLS/Xilinx/Vivado/2024.1/bin/unwrapped/lnx64.o/xelab --incr --debug typical --relax --mt 8 -L xil_defaultlib -L xbip_utils_v3_0_13 -L axi_utils_v2_0_9 -L xbip_pipe_v3_0_9 -L xbip_dsp48_wrapper_v3_0_6 -L xbip_dsp48_addsub_v3_0_9 -L xbip_dsp48_multadd_v3_0_9 -L xbip_bram18k_v3_0_9 -L mult_gen_v12_0_21 -L floating_point_v7_1_18 -L unisims_ver -L unimacro_ver -L secureip -L xpm --snapshot tb_top_dma_path_behav xil_defaultlib.tb_top_dma_path xil_defaultlib.glbl -log elaborate.log 
Using 8 slave threads.
Starting static elaboration
Pass Through NonSizing Optimizer
Completed static elaboration
Starting simulation data flow analysis
Completed simulation data flow analysis
Time Resolution for simulation is 1ps
Compiling package std.standard
Compiling package std.textio
Compiling package ieee.std_logic_1164
Compiling package floating_point_v7_1_18.floating_point_v7_1_18_viv_comp
Compiling package ieee.numeric_std
Compiling package xbip_utils_v3_0_13.xbip_utils_v3_0_13_pkg
Compiling package axi_utils_v2_0_9.axi_utils_v2_0_9_pkg
Compiling package floating_point_v7_1_18.floating_point_v7_1_18_consts
Compiling package ieee.math_real
Compiling package floating_point_v7_1_18.floating_point_v7_1_18_exp_table...
Compiling package mult_gen_v12_0_21.mult_gen_v12_0_21_pkg
Compiling package ieee.std_logic_arith
Compiling package ieee.std_logic_signed
Compiling package floating_point_v7_1_18.floating_point_v7_1_18_pkg
Compiling package floating_point_v7_1_18.flt_utils
Compiling package xbip_pipe_v3_0_9.xbip_pipe_v3_0_9_viv_comp
Compiling package unisim.vcomponents
Compiling package ieee.vital_timing
Compiling package ieee.vital_primitives
Compiling package unisim.vpkg
Compiling module xil_defaultlib.bram_dp_128(ADDR_W=8)
Compiling module xil_defaultlib.mm2s_128(ADDR_W=8)
Compiling architecture synth of entity xbip_pipe_v3_0_9.xbip_pipe_v3_0_9_viv [\xbip_pipe_v3_0_9_viv(c_latency=...]
Compiling architecture rtl of entity floating_point_v7_1_18.delay [\delay(width=11,length=2,fast_in...]
Compiling architecture synth of entity xbip_pipe_v3_0_9.xbip_pipe_v3_0_9_viv [\xbip_pipe_v3_0_9_viv(c_latency=...]
Compiling architecture rtl of entity floating_point_v7_1_18.delay [\delay(width=16)\]
Compiling architecture synth of entity xbip_pipe_v3_0_9.xbip_pipe_v3_0_9_viv [\xbip_pipe_v3_0_9_viv(c_latency=...]
Compiling architecture rtl of entity floating_point_v7_1_18.delay [\delay(length=2)\]
Compiling architecture dsp48e1_v of entity unisim.DSP48E1 [\DSP48E1(mask="11111111111111111...]
Compiling architecture synth of entity xbip_pipe_v3_0_9.xbip_pipe_v3_0_9_viv [\xbip_pipe_v3_0_9_viv(c_has_ce=1...]
Compiling architecture rtl of entity floating_point_v7_1_18.delay [\delay(width=7,length=0)\]
Compiling architecture synth of entity xbip_pipe_v3_0_9.xbip_pipe_v3_0_9_viv [\xbip_pipe_v3_0_9_viv(c_has_ce=1...]
Compiling architecture rtl of entity floating_point_v7_1_18.delay [\delay(width=4,length=0)\]
Compiling architecture synth of entity xbip_pipe_v3_0_9.xbip_pipe_v3_0_9_viv [\xbip_pipe_v3_0_9_viv(c_has_ce=1...]
Compiling architecture rtl of entity floating_point_v7_1_18.delay [\delay(length=0)\]
Compiling architecture synth of entity xbip_pipe_v3_0_9.xbip_pipe_v3_0_9_viv [\xbip_pipe_v3_0_9_viv(c_has_ce=1...]
Compiling architecture rtl of entity floating_point_v7_1_18.delay [\delay(width=48,length=0)\]
Compiling architecture synth of entity xbip_pipe_v3_0_9.xbip_pipe_v3_0_9_viv [\xbip_pipe_v3_0_9_viv(c_has_ce=1...]
Compiling architecture rtl of entity floating_point_v7_1_18.delay [\delay(width=11,length=0)\]
Compiling architecture synth of entity xbip_pipe_v3_0_9.xbip_pipe_v3_0_9_viv [\xbip_pipe_v3_0_9_viv(c_has_ce=1...]
Compiling architecture rtl of entity floating_point_v7_1_18.delay [\delay(width=16,length=0)\]
Compiling architecture rtl of entity floating_point_v7_1_18.dsp48e1_wrapper [\dsp48e1_wrapper(c_part="xczu7ev...]
Compiling architecture synth of entity xbip_pipe_v3_0_9.xbip_pipe_v3_0_9_viv [\xbip_pipe_v3_0_9_viv(c_has_ce=1...]
Compiling architecture rtl of entity floating_point_v7_1_18.delay [\delay(width=14,length=0)\]
Compiling architecture synth of entity floating_point_v7_1_18.align_add_dsp48e1_hp [\align_add_dsp48e1_hp(c_xdevicef...]
Compiling architecture muxcy_v of entity unisim.MUXCY [muxcy_default]
Compiling architecture lut5_v of entity unisim.LUT5 [\LUT5(init="00000000000000001111...]
Compiling architecture lut5_v of entity unisim.LUT5 [\LUT5(init="00000000000000000000...]
Compiling architecture lut5_v of entity unisim.LUT5 [\LUT5(init="00000000000000000000...]
Compiling architecture lut5_v of entity unisim.LUT5 [\LUT5(init="00000000000000000000...]
Compiling architecture synth of entity xbip_pipe_v3_0_9.xbip_pipe_v3_0_9_viv [\xbip_pipe_v3_0_9_viv(c_latency=...]
Compiling architecture rtl of entity floating_point_v7_1_18.delay [\delay(width=14)\]
Compiling architecture synth of entity xbip_pipe_v3_0_9.xbip_pipe_v3_0_9_viv [\xbip_pipe_v3_0_9_viv(c_latency=...]
Compiling architecture rtl of entity floating_point_v7_1_18.delay [\delay(width=5)\]
Compiling architecture rtl of entity floating_point_v7_1_18.lead_zero_encode_shift_hp [\lead_zero_encode_shift_hp(regis...]
Compiling architecture lut6_v of entity unisim.LUT6 [\LUT6(init="11111110010101001011...]
Compiling architecture lut5_v of entity unisim.LUT5 [\LUT5(init="00010001010111110000...]
Compiling architecture lut5_v of entity unisim.LUT5 [\LUT5(init="11101110101000001111...]
Compiling architecture synth of entity xbip_pipe_v3_0_9.xbip_pipe_v3_0_9_viv [\xbip_pipe_v3_0_9_viv(c_latency=...]
Compiling architecture rtl of entity floating_point_v7_1_18.delay [\delay(length=3)\]
Compiling architecture dsp48e1_v of entity unisim.DSP48E1 [\DSP48E1(acascreg=2,alumodereg=0...]
Compiling architecture synth of entity xbip_pipe_v3_0_9.xbip_pipe_v3_0_9_viv [\xbip_pipe_v3_0_9_viv(c_has_ce=1...]
Compiling architecture rtl of entity floating_point_v7_1_18.delay [\delay(width=13,length=0)\]
Compiling architecture synth of entity xbip_pipe_v3_0_9.xbip_pipe_v3_0_9_viv [\xbip_pipe_v3_0_9_viv(c_has_ce=1...]
Compiling architecture rtl of entity floating_point_v7_1_18.delay [\delay(width=25,length=0)\]
Compiling architecture rtl of entity floating_point_v7_1_18.dsp48e1_wrapper [\dsp48e1_wrapper(a_width=13,c_wi...]
Compiling architecture rtl of entity floating_point_v7_1_18.norm_and_round_dsp48e1_hp [\norm_and_round_dsp48e1_hp(c_xde...]
Compiling architecture lut5_v of entity unisim.LUT5 [\LUT5(init="10011001100110011001...]
Compiling architecture lut5_v of entity unisim.LUT5 [\LUT5(init="11111111000000001111...]
Compiling architecture xorcy_v of entity unisim.XORCY [xorcy_default]
Compiling architecture synth of entity xbip_pipe_v3_0_9.xbip_pipe_v3_0_9_viv [\xbip_pipe_v3_0_9_viv(c_has_ce=1...]
Compiling architecture rtl of entity floating_point_v7_1_18.delay [\delay(width=6,length=0)\]
Compiling architecture struct of entity floating_point_v7_1_18.carry_chain [\carry_chain(c_xdevicefamily="zy...]
Compiling architecture synth of entity xbip_pipe_v3_0_9.xbip_pipe_v3_0_9_viv [\xbip_pipe_v3_0_9_viv(c_latency=...]
Compiling architecture rtl of entity floating_point_v7_1_18.delay [\delay(width=6)\]
Compiling architecture synth of entity xbip_pipe_v3_0_9.xbip_pipe_v3_0_9_viv [\xbip_pipe_v3_0_9_viv(c_latency=...]
Compiling architecture rtl of entity floating_point_v7_1_18.delay [\delay(width=6,length=5)\]
Compiling architecture lut6_2_v of entity unisim.LUT6_2 [\LUT6_2(init="000011111111000011...]
Compiling architecture lut6_2_v of entity unisim.LUT6_2 [\LUT6_2(init="111010111011111010...]
Compiling architecture lut6_2_v of entity unisim.LUT6_2 [\LUT6_2(init="111111111111000000...]
Compiling architecture xilinx of entity mult_gen_v12_0_21.three_input_adder [\three_input_adder(c_a_width=7,c...]
Compiling architecture synth of entity xbip_pipe_v3_0_9.xbip_pipe_v3_0_9_viv [\xbip_pipe_v3_0_9_viv(c_latency=...]
Compiling architecture rtl of entity floating_point_v7_1_18.delay [\delay(width=7)\]
Compiling architecture synth of entity xbip_pipe_v3_0_9.xbip_pipe_v3_0_9_viv [\xbip_pipe_v3_0_9_viv(c_latency=...]
Compiling architecture rtl of entity floating_point_v7_1_18.delay [\delay(width=4,fast_input=true)\]
Compiling architecture synth of entity xbip_pipe_v3_0_9.xbip_pipe_v3_0_9_viv [\xbip_pipe_v3_0_9_viv(c_has_ce=1...]
Compiling architecture rtl of entity floating_point_v7_1_18.delay [\delay(width=5,length=0)\]
Compiling architecture fdre_v of entity unisim.FDRE [fdre_default]
Compiling architecture fde_v of entity unisim.FDE [fde_default]
Compiling architecture synth of entity xbip_pipe_v3_0_9.xbip_pipe_v3_0_9_viv [\xbip_pipe_v3_0_9_viv(c_has_ce=1...]
Compiling architecture rtl of entity floating_point_v7_1_18.delay [\delay(width=2,length=0)\]
Compiling architecture struct of entity floating_point_v7_1_18.carry_chain [\carry_chain(c_xdevicefamily="zy...]
Compiling architecture synth of entity floating_point_v7_1_18.compare_eq_im [\compare_eq_im(c_xdevicefamily="...]
Compiling architecture synth of entity xbip_pipe_v3_0_9.xbip_pipe_v3_0_9_viv [\xbip_pipe_v3_0_9_viv(c_latency=...]
Compiling architecture rtl of entity floating_point_v7_1_18.delay [\delay(fast_input=true)\]
Compiling architecture rtl of entity floating_point_v7_1_18.special_detect [\special_detect(c_xdevicefamily=...]
Compiling architecture synth of entity xbip_pipe_v3_0_9.xbip_pipe_v3_0_9_viv [\xbip_pipe_v3_0_9_viv(c_has_ce=1...]
Compiling architecture rtl of entity floating_point_v7_1_18.delay [\delay(width=8,length=0)\]
Compiling architecture struct of entity floating_point_v7_1_18.carry_chain [\carry_chain(c_xdevicefamily="zy...]
Compiling architecture synth of entity floating_point_v7_1_18.compare_gt [\compare_gt(c_xdevicefamily="zyn...]
Compiling architecture synth of entity floating_point_v7_1_18.compare [\compare(c_xdevicefamily="zynqup...]
Compiling architecture synth of entity xbip_pipe_v3_0_9.xbip_pipe_v3_0_9_viv [\xbip_pipe_v3_0_9_viv(c_latency=...]
Compiling architecture rtl of entity floating_point_v7_1_18.delay [delay_default]
Compiling architecture synth of entity xbip_pipe_v3_0_9.xbip_pipe_v3_0_9_viv [\xbip_pipe_v3_0_9_viv(c_latency=...]
Compiling architecture rtl of entity floating_point_v7_1_18.delay [\delay(width=2,length=8,fast_inp...]
Compiling architecture synth of entity xbip_pipe_v3_0_9.xbip_pipe_v3_0_9_viv [\xbip_pipe_v3_0_9_viv(c_latency=...]
Compiling architecture rtl of entity floating_point_v7_1_18.delay [\delay(length=9,fast_input=true)...]
Compiling architecture synth of entity xbip_pipe_v3_0_9.xbip_pipe_v3_0_9_viv [\xbip_pipe_v3_0_9_viv(c_latency=...]
Compiling architecture rtl of entity floating_point_v7_1_18.delay [\delay(length=8,fast_input=true)...]
Compiling architecture synth of entity xbip_pipe_v3_0_9.xbip_pipe_v3_0_9_viv [\xbip_pipe_v3_0_9_viv(c_latency=...]
Compiling architecture rtl of entity floating_point_v7_1_18.delay [\delay(length=3,fast_input=true)...]
Compiling architecture synth of entity xbip_pipe_v3_0_9.xbip_pipe_v3_0_9_viv [\xbip_pipe_v3_0_9_viv(c_has_ce=1...]
Compiling architecture rtl of entity floating_point_v7_1_18.delay [\delay(width=2,length=0,fast_inp...]
Compiling architecture synth of entity xbip_pipe_v3_0_9.xbip_pipe_v3_0_9_viv [\xbip_pipe_v3_0_9_viv(c_latency=...]
Compiling architecture rtl of entity floating_point_v7_1_18.delay [\delay(width=12)\]
Compiling architecture rtl of entity floating_point_v7_1_18.flt_add_exp_hp [\flt_add_exp_hp(c_xdevicefamily=...]
Compiling architecture synth of entity xbip_pipe_v3_0_9.xbip_pipe_v3_0_9_viv [\xbip_pipe_v3_0_9_viv(c_latency=...]
Compiling architecture rtl of entity floating_point_v7_1_18.delay [\delay(width=10)\]
Compiling architecture synth of entity floating_point_v7_1_18.flt_dec_op [\flt_dec_op(c_xdevicefamily="zyn...]
Compiling architecture rtl of entity floating_point_v7_1_18.flt_add_dsp [\flt_add_dsp(c_xdevicefamily="zy...]
Compiling architecture rtl of entity floating_point_v7_1_18.flt_add [\flt_add(c_xdevicefamily="zynqup...]
Compiling module unisims_ver.x_lut1_mux2
Compiling module unisims_ver.LUT1
Compiling architecture synth of entity xbip_pipe_v3_0_9.xbip_pipe_v3_0_9_viv [\xbip_pipe_v3_0_9_viv(c_latency=...]
Compiling architecture xilinx of entity floating_point_v7_1_18.floating_point_v7_1_18_viv [\floating_point_v7_1_18_viv(c_xd...]
Compiling architecture xilinx of entity floating_point_v7_1_18.floating_point_v7_1_18 [\floating_point_v7_1_18(c_xdevic...]
Compiling module xil_defaultlib.floating_point_0
Compiling module xil_defaultlib.fp16_add_wrapper
Compiling module xil_defaultlib.axis_fp16_add1p0_128_default
Compiling module xil_defaultlib.s2mm_128(ADDR_W=8)
Compiling module xil_defaultlib.top_dma_path(ADDR_W=8)
Compiling module xil_defaultlib.tb_top_dma_path
Compiling module xil_defaultlib.glbl
Built simulation snapshot tb_top_dma_path_behav
execute_script: Time (s): cpu = 00:00:13 ; elapsed = 00:00:08 . Memory (MB): peak = 8516.438 ; gain = 0.000 ; free physical = 279158 ; free virtual = 476337
INFO: [USF-XSim-69] 'elaborate' step finished in '8' seconds
INFO: [USF-XSim-4] XSim::Simulate design
INFO: [USF-XSim-61] Executing 'SIMULATE' step in '/home/intern-2501/AXI_DMA_test/AXI_DMA_test.sim/sim_1/behav/xsim'
INFO: [USF-XSim-98] *** Running xsim
   with args "tb_top_dma_path_behav -key {Behavioral:sim_1:Functional:tb_top_dma_path} -tclbatch {tb_top_dma_path.tcl} -view {/home/intern-2501/AXI_DMA_test/tb_top_dma_path_behav.wcfg} -log {simulate.log}"
INFO: [USF-XSim-8] Loading simulator feature
Time resolution is 1 ps
open_wave_config /home/intern-2501/AXI_DMA_test/tb_top_dma_path_behav.wcfg
source tb_top_dma_path.tcl
# set curr_wave [current_wave_config]
# if { [string length $curr_wave] == 0 } {
#   if { [llength [get_objects]] > 0} {
#     add_wave /
#     set_property needs_save false [current_wave_config]
#   } else {
#      send_msg_id Add_Wave-1 WARNING "No top level signals found. Simulator will start without a wave window. If you want to open a wave window go to 'File->New Waveform Configuration' or type 'create_wave_config' in the TCL console."
#   }
# }
# run 1000ns
INFO: [USF-XSim-96] XSim completed. Design snapshot 'tb_top_dma_path_behav' loaded.
INFO: [USF-XSim-97] XSim simulation ran for 1000ns
launch_simulation: Time (s): cpu = 00:00:20 ; elapsed = 00:00:15 . Memory (MB): peak = 8581.918 ; gain = 65.480 ; free physical = 279133 ; free virtual = 476313
relaunch_sim
Command: launch_simulation -step compile -simset sim_1 -mode behavioral
INFO: [Vivado 12-12493] Simulation top is 'tb_top_dma_path'
INFO: [Vivado 12-5698] Checking validity of IPs in the design for the 'XSim' simulator...
INFO: [Vivado 12-5682] Launching behavioral simulation in '/home/intern-2501/AXI_DMA_test/AXI_DMA_test.sim/sim_1/behav/xsim'
INFO: [Vivado 12-4795] Using compiled simulation libraries for IPs
INFO: [SIM-utils-51] Simulation object is 'sim_1'
INFO: [SIM-utils-72] Using boost library from '/TOOLS/Xilinx/Vivado/2024.1/tps/boost_1_72_0'
INFO: [USF-XSim-7] Finding pre-compiled libraries...
INFO: [USF-XSim-11] File '/TOOLS/Xilinx/Vivado/2024.1/data/xsim/xsim.ini' copied to run dir:'/home/intern-2501/AXI_DMA_test/AXI_DMA_test.sim/sim_1/behav/xsim'
INFO: [SIM-utils-54] Inspecting design source files for 'tb_top_dma_path' in fileset 'sim_1'...
INFO: [USF-XSim-97] Finding global include files...
INFO: [USF-XSim-98] Fetching design files from 'sim_1'...
INFO: [USF-XSim-2] XSim::Compile design
INFO: [USF-XSim-61] Executing 'COMPILE and ANALYZE' step in '/home/intern-2501/AXI_DMA_test/AXI_DMA_test.sim/sim_1/behav/xsim'
xvlog --incr --relax -prj tb_top_dma_path_vlog.prj
xvhdl --incr --relax -prj tb_top_dma_path_vhdl.prj
Waiting for jobs to finish...
No pending jobs, compilation finished.
INFO: [USF-XSim-69] 'compile' step finished in '2' seconds
Command: launch_simulation -step elaborate -simset sim_1 -mode behavioral
INFO: [Vivado 12-12493] Simulation top is 'tb_top_dma_path'
INFO: [Vivado 12-5698] Checking validity of IPs in the design for the 'XSim' simulator...
INFO: [Vivado 12-5682] Launching behavioral simulation in '/home/intern-2501/AXI_DMA_test/AXI_DMA_test.sim/sim_1/behav/xsim'
INFO: [Vivado 12-4795] Using compiled simulation libraries for IPs
INFO: [SIM-utils-51] Simulation object is 'sim_1'
INFO: [USF-XSim-3] XSim::Elaborate design
INFO: [USF-XSim-61] Executing 'ELABORATE' step in '/home/intern-2501/AXI_DMA_test/AXI_DMA_test.sim/sim_1/behav/xsim'
xelab --incr --debug typical --relax --mt 8 -L xil_defaultlib -L xbip_utils_v3_0_13 -L axi_utils_v2_0_9 -L xbip_pipe_v3_0_9 -L xbip_dsp48_wrapper_v3_0_6 -L xbip_dsp48_addsub_v3_0_9 -L xbip_dsp48_multadd_v3_0_9 -L xbip_bram18k_v3_0_9 -L mult_gen_v12_0_21 -L floating_point_v7_1_18 -L unisims_ver -L unimacro_ver -L secureip -L xpm --snapshot tb_top_dma_path_behav xil_defaultlib.tb_top_dma_path xil_defaultlib.glbl -log elaborate.log
Vivado Simulator v2024.1
Copyright 1986-2022 Xilinx, Inc. All Rights Reserved.
Copyright 2022-2024 Advanced Micro Devices, Inc. All Rights Reserved.
Running: /TOOLS/Xilinx/Vivado/2024.1/bin/unwrapped/lnx64.o/xelab --incr --debug typical --relax --mt 8 -L xil_defaultlib -L xbip_utils_v3_0_13 -L axi_utils_v2_0_9 -L xbip_pipe_v3_0_9 -L xbip_dsp48_wrapper_v3_0_6 -L xbip_dsp48_addsub_v3_0_9 -L xbip_dsp48_multadd_v3_0_9 -L xbip_bram18k_v3_0_9 -L mult_gen_v12_0_21 -L floating_point_v7_1_18 -L unisims_ver -L unimacro_ver -L secureip -L xpm --snapshot tb_top_dma_path_behav xil_defaultlib.tb_top_dma_path xil_defaultlib.glbl -log elaborate.log 
Using 8 slave threads.
Starting static elaboration
Pass Through NonSizing Optimizer
Completed static elaboration
INFO: [XSIM 43-4323] No Change in HDL. Linking previously generated obj files to create kernel
INFO: [USF-XSim-69] 'elaborate' step finished in '3' seconds
Time resolution is 1 ps
relaunch_sim: Time (s): cpu = 00:00:08 ; elapsed = 00:00:09 . Memory (MB): peak = 8581.918 ; gain = 0.000 ; free physical = 279122 ; free virtual = 476300
save_wave_config {/home/intern-2501/AXI_DMA_test/tb_top_dma_path_behav.wcfg}
